Log file open, 02/18/20 16:32:58
LogWindows: Failed to load 'aqProf.dll' (GetLastError=126)
LogWindows: File 'aqProf.dll' does not exist
LogWindows: Failed to load 'VtuneApi.dll' (GetLastError=126)
LogWindows: File 'VtuneApi.dll' does not exist
LogWindows: Failed to load 'VtuneApi32e.dll' (GetLastError=126)
LogWindows: File 'VtuneApi32e.dll' does not exist
LogConsoleResponse: Display: Failed to find resolution value strings in scalability ini. Falling back to default.
LogInit: Display: Running engine for game: CS447_Game
LogPakFile: Registered encryption key '00000000000000000000000000000000': 0 pak files mounted, 0 remain pending
LogPlatformFile: Not using cached read wrapper
LogTaskGraph: Started task graph with 5 named threads and 23 total threads with 3 sets of task threads.
LogStats: Stats thread started at 0.297721
LogD3D11RHI: Loaded GFSDK_Aftermath_Lib.x64.dll
LogICUInternationalization: ICU TimeZone Detection - Raw Offset: -8:00, Platform Override: ''
LogPluginManager: Mounting plugin Paper2D
LogPluginManager: Mounting plugin AISupport
LogPluginManager: Mounting plugin LightPropagationVolume
LogPluginManager: Mounting plugin ActorLayerUtilities
LogPluginManager: Mounting plugin AnimationSharing
LogPluginManager: Mounting plugin CLionSourceCodeAccess
LogPluginManager: Mounting plugin CodeLiteSourceCodeAccess
LogPluginManager: Mounting plugin GitSourceControl
LogPluginManager: Mounting plugin KDevelopSourceCodeAccess
LogPluginManager: Mounting plugin NullSourceCodeAccess
LogPluginManager: Mounting plugin PerforceSourceControl
LogPluginManager: Mounting plugin SubversionSourceControl
LogPluginManager: Mounting plugin UObjectPlugin
LogPluginManager: Mounting plugin VisualStudioCodeSourceCodeAccess
LogPluginManager: Mounting plugin VisualStudioSourceCodeAccess
LogPluginManager: Mounting plugin XCodeSourceCodeAccess
LogPluginManager: Mounting plugin AssetManagerEditor
LogPluginManager: Mounting plugin CryptoKeys
LogPluginManager: Mounting plugin DataValidation
LogPluginManager: Mounting plugin FacialAnimation
LogPluginManager: Mounting plugin GameplayTagsEditor
LogPluginManager: Mounting plugin MacGraphicsSwitching
LogPluginManager: Mounting plugin MaterialAnalyzer
LogPluginManager: Mounting plugin MobileLauncherProfileWizard
LogPluginManager: Mounting plugin PluginBrowser
LogPluginManager: Mounting plugin SpeedTreeImporter
LogPluginManager: Mounting plugin DatasmithContent
LogPluginManager: Mounting plugin VariantManagerContent
LogPluginManager: Mounting plugin AlembicImporter
LogPluginManager: Mounting plugin AppleImageUtils
LogPluginManager: Mounting plugin AppleVision
LogPluginManager: Mounting plugin BackChannel
LogPluginManager: Mounting plugin CharacterAI
LogPluginManager: Mounting plugin GeometryCache
LogPluginManager: Mounting plugin HTML5Networking
LogPluginManager: Mounting plugin ProxyLODPlugin
LogPluginManager: Mounting plugin SkeletalReduction
LogPluginManager: Mounting plugin MagicLeap
LogPluginManager: Mounting plugin MagicLeapMedia
LogPluginManager: Mounting plugin AndroidMedia
LogPluginManager: Mounting plugin AvfMedia
LogPluginManager: Mounting plugin ImgMedia
LogPluginManager: Mounting plugin LinearTimecode
LogPluginManager: Mounting plugin MediaCompositing
LogPluginManager: Mounting plugin MediaPlayerEditor
LogPluginManager: Mounting plugin WebMMedia
LogPluginManager: Mounting plugin WmfMedia
LogPluginManager: Mounting plugin TcpMessaging
LogPluginManager: Mounting plugin UdpMessaging
LogPluginManager: Mounting plugin ActorSequence
LogPluginManager: Mounting plugin LevelSequenceEditor
LogPluginManager: Mounting plugin MatineeToLevelSequence
LogPluginManager: Mounting plugin NetcodeUnitTest
LogPluginManager: Mounting plugin NUTUnrealEngine4
LogPluginManager: Mounting plugin OnlineSubsystemGooglePlay
LogPluginManager: Mounting plugin OnlineSubsystemIOS
LogPluginManager: Mounting plugin OnlineSubsystem
LogPluginManager: Mounting plugin OnlineSubsystemNull
LogPluginManager: Mounting plugin OnlineSubsystemUtils
LogPluginManager: Mounting plugin LauncherChunkInstaller
LogPluginManager: Mounting plugin AndroidDeviceProfileSelector
LogPluginManager: Mounting plugin AndroidMoviePlayer
LogPluginManager: Mounting plugin AndroidPermission
LogPluginManager: Mounting plugin AppleMoviePlayer
LogPluginManager: Mounting plugin ArchVisCharacter
LogPluginManager: Mounting plugin AudioCapture
LogPluginManager: Mounting plugin CableComponent
LogPluginManager: Mounting plugin CustomMeshComponent
LogPluginManager: Mounting plugin EditableMesh
LogPluginManager: Mounting plugin ExampleDeviceProfileSelector
LogPluginManager: Mounting plugin Firebase
LogPluginManager: Mounting plugin GoogleCloudMessaging
LogPluginManager: Mounting plugin IOSDeviceProfileSelector
LogPluginManager: Mounting plugin LinuxDeviceProfileSelector
LogPluginManager: Mounting plugin LocationServicesBPLibrary
LogPluginManager: Mounting plugin MobilePatchingUtils
LogPluginManager: Mounting plugin OculusVR
LogPluginManager: Mounting plugin PhysXVehicles
LogPluginManager: Mounting plugin ProceduralMeshComponent
LogPluginManager: Mounting plugin RuntimePhysXCooking
LogPluginManager: Mounting plugin SignificanceManager
LogPluginManager: Mounting plugin SteamVR
LogPluginManager: Mounting plugin WebMMoviePlayer
LogPluginManager: Mounting plugin WindowsMoviePlayer
LogInit: Using libcurl 7.55.1-DEV
LogInit:  - built for x86_64-pc-win32
LogInit:  - supports SSL with OpenSSL/1.1.1
LogInit:  - supports HTTP deflate (compression) using libz 1.2.8
LogInit:  - other features:
LogInit:      CURL_VERSION_SSL
LogInit:      CURL_VERSION_LIBZ
LogInit:      CURL_VERSION_IPV6
LogInit:      CURL_VERSION_ASYNCHDNS
LogInit:      CURL_VERSION_LARGEFILE
LogInit:      CURL_VERSION_IDN
LogInit:  CurlRequestOptions (configurable via config and command line):
LogInit:  - bVerifyPeer = true  - Libcurl will verify peer certificate
LogInit:  - bUseHttpProxy = false  - Libcurl will NOT use HTTP proxy
LogInit:  - bDontReuseConnections = false  - Libcurl will reuse connections
LogInit:  - MaxHostConnections = 16  - Libcurl will limit the number of connections to a host
LogInit:  - LocalHostAddr = Default
LogInit:  - BufferSize = 65536
LogInit: WinSock: version 1.1 (2.2), MaxSocks=32767, MaxUdp=65467
LogInit: Build: ++UE4+Release-4.22-CL-7053642
LogInit: Engine Version: 4.22.3-7053642+++UE4+Release-4.22
LogInit: Compatible Engine Version: 4.22.0-5660361+++UE4+Release-4.22
LogInit: Net CL: 5660361
LogInit: OS: Windows 10 (Release 1903) (), CPU: Intel(R) Core(TM) i7-7700HQ CPU @ 2.80GHz, GPU: Intel(R) HD Graphics 630
LogInit: Compiled (64-bit): Jun 18 2019 03:09:11
LogInit: Compiled with Visual C++: 19.16.27025.01
LogInit: Build Configuration: Development
LogInit: Branch Name: ++UE4+Release-4.22
LogInit: Command Line: 
LogInit: Base Directory: C:/Program Files/Epic Games/UE_4.22/Engine/Binaries/Win64/
LogInit: Installed Engine Build: 1
LogDevObjectVersion: Number of dev versions registered: 23
LogDevObjectVersion:   Dev-Blueprints (B0D832E4-1F89-4F0D-ACCF-7EB736FD4AA2): 10
LogDevObjectVersion:   Dev-Build (E1C64328-A22C-4D53-A36C-8E866417BD8C): 0
LogDevObjectVersion:   Dev-Core (375EC13C-06E4-48FB-B500-84F0262A717E): 3
LogDevObjectVersion:   Dev-Editor (E4B068ED-F494-42E9-A231-DA0B2E46BB41): 30
LogDevObjectVersion:   Dev-Framework (CFFC743F-43B0-4480-9391-14DF171D2073): 35
LogDevObjectVersion:   Dev-Mobile (B02B49B5-BB20-44E9-A304-32B752E40360): 2
LogDevObjectVersion:   Dev-Networking (A4E4105C-59A1-49B5-A7C5-40C4547EDFEE): 0
LogDevObjectVersion:   Dev-Online (39C831C9-5AE6-47DC-9A44-9C173E1C8E7C): 0
LogDevObjectVersion:   Dev-Physics (78F01B33-EBEA-4F98-B9B4-84EACCB95AA2): 0
LogDevObjectVersion:   Dev-Platform (6631380F-2D4D-43E0-8009-CF276956A95A): 0
LogDevObjectVersion:   Dev-Rendering (12F88B9F-8875-4AFC-A67C-D90C383ABD29): 28
LogDevObjectVersion:   Dev-Sequencer (7B5AE74C-D270-4C10-A958-57980B212A5A): 11
LogDevObjectVersion:   Dev-VR (D7296918-1DD6-4BDD-9DE2-64A83CC13884): 2
LogDevObjectVersion:   Dev-LoadTimes (C2A15278-BFE7-4AFE-6C17-90FF531DF755): 1
LogDevObjectVersion:   Private-Geometry (6EACA3D4-40EC-4CC1-B786-8BED09428FC5): 3
LogDevObjectVersion:   Dev-AnimPhys (29E575DD-E0A3-4627-9D10-D276232CDCEA): 17
LogDevObjectVersion:   Dev-Anim (AF43A65D-7FD3-4947-9873-3E8ED9C1BB05): 2
LogDevObjectVersion:   Dev-ReflectionCapture (6B266CEC-1EC7-4B8F-A30B-E4D90942FC07): 1
LogDevObjectVersion:   Dev-Automation (0DF73D61-A23F-47EA-B727-89E90C41499A): 1
LogDevObjectVersion:   FortniteMain (601D1886-AC64-4F84-AA16-D3DE0DEAC7D6): 25
LogDevObjectVersion:   Dev-Enterprise (9DFFBCD6-494F-0158-E221-12823C92A888): 6
LogDevObjectVersion:   Dev-Niagara (F2AED0AC-9AFE-416F-8664-AA7FFA26D6FC): 1
LogDevObjectVersion:   Dev-Destruction (174F1F0B-B4C6-45A5-B13F-2EE8D0FB917D): 2
LogInit: Presizing for max 16777216 objects, including 0 objects not considered by GC, pre-allocating 0 bytes for permanent pool.
LogInit: Object subsystem initialized
LogConfig: Setting CVar [[con.DebugEarlyDefault:1]]
LogConfig: Setting CVar [[r.setres:1280x720]]
[2020.02.19-00.32.58:621][  0]LogConfig: Setting CVar [[r.VSync:0]]
[2020.02.19-00.32.58:621][  0]LogConfig: Setting CVar [[r.RHICmdBypass:0]]
[2020.02.19-00.32.58:621][  0]LogConfig: Applying CVar settings from Section [/Script/Engine.RendererSettings] File [C:/Users/matth/Documents/GitHub/CS447_Game/CS447_Game/Saved/Config/Windows/Engine.ini]
[2020.02.19-00.32.58:621][  0]LogConfig: Setting CVar [[r.GPUCrashDebugging:0]]
[2020.02.19-00.32.58:621][  0]LogConfig: Applying CVar settings from Section [/Script/Engine.RendererOverrideSettings] File [C:/Users/matth/Documents/GitHub/CS447_Game/CS447_Game/Saved/Config/Windows/Engine.ini]
[2020.02.19-00.32.58:621][  0]LogConfig: Applying CVar settings from Section [/Script/Engine.StreamingSettings] File [C:/Users/matth/Documents/GitHub/CS447_Game/CS447_Game/Saved/Config/Windows/Engine.ini]
[2020.02.19-00.32.58:621][  0]LogConfig: Setting CVar [[s.MinBulkDataSizeForAsyncLoading:131072]]
[2020.02.19-00.32.58:621][  0]LogConfig: Setting CVar [[s.AsyncLoadingThreadEnabled:0]]
[2020.02.19-00.32.58:621][  0]LogConfig: Setting CVar [[s.EventDrivenLoaderEnabled:1]]
[2020.02.19-00.32.58:621][  0]LogConfig: Setting CVar [[s.WarnIfTimeLimitExceeded:0]]
[2020.02.19-00.32.58:621][  0]LogConfig: Setting CVar [[s.TimeLimitExceededMultiplier:1.5]]
[2020.02.19-00.32.58:621][  0]LogConfig: Setting CVar [[s.TimeLimitExceededMinTime:0.005]]
[2020.02.19-00.32.58:621][  0]LogConfig: Setting CVar [[s.UseBackgroundLevelStreaming:1]]
[2020.02.19-00.32.58:621][  0]LogConfig: Setting CVar [[s.PriorityAsyncLoadingExtraTime:15.0]]
[2020.02.19-00.32.58:621][  0]LogConfig: Setting CVar [[s.LevelStreamingActorsUpdateTimeLimit:5.0]]
[2020.02.19-00.32.58:621][  0]LogConfig: Setting CVar [[s.PriorityLevelStreamingActorsUpdateExtraTime:5.0]]
[2020.02.19-00.32.58:621][  0]LogConfig: Setting CVar [[s.LevelStreamingComponentsRegistrationGranularity:10]]
[2020.02.19-00.32.58:621][  0]LogConfig: Setting CVar [[s.UnregisterComponentsTimeLimit:1.0]]
[2020.02.19-00.32.58:621][  0]LogConfig: Setting CVar [[s.LevelStreamingComponentsUnregistrationGranularity:5]]
[2020.02.19-00.32.58:621][  0]LogConfig: Applying CVar settings from Section [/Script/Engine.GarbageCollectionSettings] File [C:/Users/matth/Documents/GitHub/CS447_Game/CS447_Game/Saved/Config/Windows/Engine.ini]
[2020.02.19-00.32.58:621][  0]LogConfig: Setting CVar [[gc.MaxObjectsNotConsideredByGC:1]]
[2020.02.19-00.32.58:621][  0]LogConfig: Setting CVar [[gc.SizeOfPermanentObjectPool:0]]
[2020.02.19-00.32.58:621][  0]LogConfig: Setting CVar [[gc.FlushStreamingOnGC:0]]
[2020.02.19-00.32.58:621][  0]LogConfig: Setting CVar [[gc.NumRetriesBeforeForcingGC:10]]
[2020.02.19-00.32.58:621][  0]LogConfig: Setting CVar [[gc.AllowParallelGC:1]]
[2020.02.19-00.32.58:621][  0]LogConfig: Setting CVar [[gc.TimeBetweenPurgingPendingKillObjects:61.1]]
[2020.02.19-00.32.58:621][  0]LogConfig: Setting CVar [[gc.MaxObjectsInEditor:16777216]]
[2020.02.19-00.32.58:621][  0]LogConfig: Setting CVar [[gc.IncrementalBeginDestroyEnabled:1]]
[2020.02.19-00.32.58:622][  0]LogConfig: Setting CVar [[gc.CreateGCClusters:1]]
[2020.02.19-00.32.58:622][  0]LogConfig: Setting CVar [[gc.MinGCClusterSize:5]]
[2020.02.19-00.32.58:622][  0]LogConfig: Setting CVar [[gc.ActorClusteringEnabled:0]]
[2020.02.19-00.32.58:622][  0]LogConfig: Setting CVar [[gc.BlueprintClusteringEnabled:0]]
[2020.02.19-00.32.58:622][  0]LogConfig: Setting CVar [[gc.UseDisregardForGCOnDedicatedServers:0]]
[2020.02.19-00.32.58:622][  0]LogConfig: Applying CVar settings from Section [/Script/Engine.NetworkSettings] File [C:/Users/matth/Documents/GitHub/CS447_Game/CS447_Game/Saved/Config/Windows/Engine.ini]
[2020.02.19-00.32.58:622][  0]LogConfig: Applying CVar settings from Section [/Script/UnrealEd.CookerSettings] File [C:/Users/matth/Documents/GitHub/CS447_Game/CS447_Game/Saved/Config/Windows/Engine.ini]
[2020.02.19-00.32.58:625][  0]LogConfig: Applying CVar settings from Section [ViewDistanceQuality@3] File [C:/Users/matth/Documents/GitHub/CS447_Game/CS447_Game/Saved/Config/Windows/Scalability.ini]
[2020.02.19-00.32.58:625][  0]LogConfig: Setting CVar [[r.SkeletalMeshLODBias:0]]
[2020.02.19-00.32.58:625][  0]LogConfig: Setting CVar [[r.ViewDistanceScale:1.0]]
[2020.02.19-00.32.58:625][  0]LogConfig: Applying CVar settings from Section [AntiAliasingQuality@3] File [C:/Users/matth/Documents/GitHub/CS447_Game/CS447_Game/Saved/Config/Windows/Scalability.ini]
[2020.02.19-00.32.58:625][  0]LogConfig: Setting CVar [[r.PostProcessAAQuality:4]]
[2020.02.19-00.32.58:625][  0]LogConfig: Applying CVar settings from Section [ShadowQuality@3] File [C:/Users/matth/Documents/GitHub/CS447_Game/CS447_Game/Saved/Config/Windows/Scalability.ini]
[2020.02.19-00.32.58:625][  0]LogConfig: Setting CVar [[r.LightFunctionQuality:1]]
[2020.02.19-00.32.58:625][  0]LogConfig: Setting CVar [[r.ShadowQuality:5]]
[2020.02.19-00.32.58:625][  0]LogConfig: Setting CVar [[r.Shadow.CSM.MaxCascades:10]]
[2020.02.19-00.32.58:626][  0]LogConfig: Setting CVar [[r.Shadow.MaxResolution:2048]]
[2020.02.19-00.32.58:626][  0]LogConfig: Setting CVar [[r.Shadow.MaxCSMResolution:2048]]
[2020.02.19-00.32.58:626][  0]LogConfig: Setting CVar [[r.Shadow.RadiusThreshold:0.01]]
[2020.02.19-00.32.58:626][  0]LogConfig: Setting CVar [[r.Shadow.DistanceScale:1.0]]
[2020.02.19-00.32.58:626][  0]LogConfig: Setting CVar [[r.Shadow.CSM.TransitionScale:1.0]]
[2020.02.19-00.32.58:626][  0]LogConfig: Setting CVar [[r.Shadow.PreShadowResolutionFactor:1.0]]
[2020.02.19-00.32.58:626][  0]LogConfig: Setting CVar [[r.DistanceFieldShadowing:1]]
[2020.02.19-00.32.58:626][  0]LogConfig: Setting CVar [[r.DistanceFieldAO:1]]
[2020.02.19-00.32.58:626][  0]LogConfig: Setting CVar [[r.AOQuality:2]]
[2020.02.19-00.32.58:626][  0]LogConfig: Setting CVar [[r.VolumetricFog:1]]
[2020.02.19-00.32.58:626][  0]LogConfig: Setting CVar [[r.VolumetricFog.GridPixelSize:8]]
[2020.02.19-00.32.58:626][  0]LogConfig: Setting CVar [[r.VolumetricFog.GridSizeZ:128]]
[2020.02.19-00.32.58:626][  0]LogConfig: Setting CVar [[r.VolumetricFog.HistoryMissSupersampleCount:4]]
[2020.02.19-00.32.58:626][  0]LogConfig: Setting CVar [[r.LightMaxDrawDistanceScale:1]]
[2020.02.19-00.32.58:626][  0]LogConfig: Setting CVar [[r.CapsuleShadows:1]]
[2020.02.19-00.32.58:626][  0]LogConfig: Applying CVar settings from Section [PostProcessQuality@3] File [C:/Users/matth/Documents/GitHub/CS447_Game/CS447_Game/Saved/Config/Windows/Scalability.ini]
[2020.02.19-00.32.58:626][  0]LogConfig: Setting CVar [[r.MotionBlurQuality:4]]
[2020.02.19-00.32.58:626][  0]LogConfig: Setting CVar [[r.AmbientOcclusionMipLevelFactor:0.4]]
[2020.02.19-00.32.58:626][  0]LogConfig: Setting CVar [[r.AmbientOcclusionMaxQuality:100]]
[2020.02.19-00.32.58:626][  0]LogConfig: Setting CVar [[r.AmbientOcclusionLevels:-1]]
[2020.02.19-00.32.58:626][  0]LogConfig: Setting CVar [[r.AmbientOcclusionRadiusScale:1.0]]
[2020.02.19-00.32.58:626][  0]LogConfig: Setting CVar [[r.DepthOfFieldQuality:2]]
[2020.02.19-00.32.58:626][  0]LogConfig: Setting CVar [[r.RenderTargetPoolMin:400]]
[2020.02.19-00.32.58:626][  0]LogConfig: Setting CVar [[r.LensFlareQuality:2]]
[2020.02.19-00.32.58:626][  0]LogConfig: Setting CVar [[r.SceneColorFringeQuality:1]]
[2020.02.19-00.32.58:626][  0]LogConfig: Setting CVar [[r.EyeAdaptationQuality:2]]
[2020.02.19-00.32.58:626][  0]LogConfig: Setting CVar [[r.BloomQuality:5]]
[2020.02.19-00.32.58:626][  0]LogConfig: Setting CVar [[r.FastBlurThreshold:100]]
[2020.02.19-00.32.58:626][  0]LogConfig: Setting CVar [[r.Upscale.Quality:3]]
[2020.02.19-00.32.58:626][  0]LogConfig: Setting CVar [[r.Tonemapper.GrainQuantization:1]]
[2020.02.19-00.32.58:626][  0]LogConfig: Setting CVar [[r.LightShaftQuality:1]]
[2020.02.19-00.32.58:626][  0]LogConfig: Setting CVar [[r.Filter.SizeScale:1]]
[2020.02.19-00.32.58:626][  0]LogConfig: Setting CVar [[r.Tonemapper.Quality:5]]
[2020.02.19-00.32.58:626][  0]LogConfig: Setting CVar [[r.DOF.Gather.AccumulatorQuality:1        ; higher gathering accumulator quality]]
[2020.02.19-00.32.58:626][  0]LogConfig: Setting CVar [[r.DOF.Gather.PostfilterMethod:1          ; Median3x3 postfilering method]]
[2020.02.19-00.32.58:626][  0]LogConfig: Setting CVar [[r.DOF.Gather.EnableBokehSettings:0       ; no bokeh simulation when gathering]]
[2020.02.19-00.32.58:626][  0]LogConfig: Setting CVar [[r.DOF.Gather.RingCount:4                 ; medium number of samples when gathering]]
[2020.02.19-00.32.58:626][  0]LogConfig: Setting CVar [[r.DOF.Scatter.ForegroundCompositing:1    ; additive foreground scattering]]
[2020.02.19-00.32.58:626][  0]LogConfig: Setting CVar [[r.DOF.Scatter.BackgroundCompositing:2    ; additive background scattering]]
[2020.02.19-00.32.58:626][  0]LogConfig: Setting CVar [[r.DOF.Scatter.EnableBokehSettings:1      ; bokeh simulation when scattering]]
[2020.02.19-00.32.58:626][  0]LogConfig: Setting CVar [[r.DOF.Scatter.MaxSpriteRatio:0.1         ; only a maximum of 10% of scattered bokeh]]
[2020.02.19-00.32.58:626][  0]LogConfig: Setting CVar [[r.DOF.Recombine.Quality:1                ; cheap slight out of focus]]
[2020.02.19-00.32.58:626][  0]LogConfig: Setting CVar [[r.DOF.Recombine.EnableBokehSettings:0    ; no bokeh simulation on slight out of focus]]
[2020.02.19-00.32.58:626][  0]LogConfig: Setting CVar [[r.DOF.TemporalAAQuality:1                ; more stable temporal accumulation]]
[2020.02.19-00.32.58:626][  0]LogConfig: Setting CVar [[r.DOF.Kernel.MaxForegroundRadius:0.025]]
[2020.02.19-00.32.58:626][  0]LogConfig: Setting CVar [[r.DOF.Kernel.MaxBackgroundRadius:0.025]]
[2020.02.19-00.32.58:626][  0]LogConfig: Applying CVar settings from Section [TextureQuality@3] File [C:/Users/matth/Documents/GitHub/CS447_Game/CS447_Game/Saved/Config/Windows/Scalability.ini]
[2020.02.19-00.32.58:626][  0]LogConfig: Setting CVar [[r.Streaming.MipBias:0]]
[2020.02.19-00.32.58:626][  0]LogConfig: Setting CVar [[r.Streaming.AmortizeCPUToGPUCopy:0]]
[2020.02.19-00.32.58:626][  0]LogConfig: Setting CVar [[r.Streaming.MaxNumTexturesToStreamPerFrame:0]]
[2020.02.19-00.32.58:626][  0]LogConfig: Setting CVar [[r.Streaming.Boost:1]]
[2020.02.19-00.32.58:626][  0]LogConfig: Setting CVar [[r.MaxAnisotropy:8]]
[2020.02.19-00.32.58:626][  0]LogConfig: Setting CVar [[r.Streaming.LimitPoolSizeToVRAM:0]]
[2020.02.19-00.32.58:626][  0]LogConfig: Setting CVar [[r.Streaming.PoolSize:1000]]
[2020.02.19-00.32.58:626][  0]LogConfig: Setting CVar [[r.Streaming.MaxEffectiveScreenSize:0]]
[2020.02.19-00.32.58:627][  0]LogConfig: Applying CVar settings from Section [EffectsQuality@3] File [C:/Users/matth/Documents/GitHub/CS447_Game/CS447_Game/Saved/Config/Windows/Scalability.ini]
[2020.02.19-00.32.58:627][  0]LogConfig: Setting CVar [[r.TranslucencyLightingVolumeDim:64]]
[2020.02.19-00.32.58:627][  0]LogConfig: Setting CVar [[r.RefractionQuality:2]]
[2020.02.19-00.32.58:627][  0]LogConfig: Setting CVar [[r.SSR.Quality:3]]
[2020.02.19-00.32.58:627][  0]LogConfig: Setting CVar [[r.SceneColorFormat:4]]
[2020.02.19-00.32.58:627][  0]LogConfig: Setting CVar [[r.DetailMode:2]]
[2020.02.19-00.32.58:627][  0]LogConfig: Setting CVar [[r.TranslucencyVolumeBlur:1]]
[2020.02.19-00.32.58:627][  0]LogConfig: Setting CVar [[r.MaterialQualityLevel:1 ; High quality]]
[2020.02.19-00.32.58:627][  0]LogConfig: Setting CVar [[r.SSS.Scale:1]]
[2020.02.19-00.32.58:627][  0]LogConfig: Setting CVar [[r.SSS.SampleSet:2]]
[2020.02.19-00.32.58:627][  0]LogConfig: Setting CVar [[r.SSS.Quality:1]]
[2020.02.19-00.32.58:627][  0]LogConfig: Setting CVar [[r.SSS.HalfRes:1]]
[2020.02.19-00.32.58:627][  0]LogConfig: Setting CVar [[r.EmitterSpawnRateScale:1.0]]
[2020.02.19-00.32.58:627][  0]LogConfig: Setting CVar [[r.ParticleLightQuality:2]]
[2020.02.19-00.32.58:627][  0]LogConfig: Applying CVar settings from Section [FoliageQuality@3] File [C:/Users/matth/Documents/GitHub/CS447_Game/CS447_Game/Saved/Config/Windows/Scalability.ini]
[2020.02.19-00.32.58:627][  0]LogConfig: Setting CVar [[foliage.DensityScale:1.0]]
[2020.02.19-00.32.58:627][  0]LogConfig: Setting CVar [[grass.DensityScale:1.0]]
[2020.02.19-00.32.58:627][  0]LogInit: Selected Device Profile: [Windows]
[2020.02.19-00.32.58:627][  0]LogInit: Applying CVar settings loaded from the selected device profile: [Windows]
[2020.02.19-00.32.58:653][  0]LogHAL: Display: Platform has ~ 16 GB [16995201024 / 17179869184 / 16], which maps to Larger [LargestMinGB=32, LargerMinGB=12, DefaultMinGB=8, SmallerMinGB=6, SmallestMinGB=0)
[2020.02.19-00.32.58:653][  0]LogConfig: Setting CVar [[r.Vulkan.UseRealUBs:0		; Required until we fix HLR fall-out]]
[2020.02.19-00.32.58:653][  0]LogInit: Going up to parent DeviceProfile []
[2020.02.19-00.32.58:653][  0]LogConfig: Applying CVar settings from Section [ViewDistanceQuality@3] File [C:/Users/matth/Documents/GitHub/CS447_Game/CS447_Game/Saved/Config/Windows/Scalability.ini]
[2020.02.19-00.32.58:653][  0]LogConfig: Setting CVar [[r.SkeletalMeshLODBias:0]]
[2020.02.19-00.32.58:653][  0]LogConfig: Setting CVar [[r.ViewDistanceScale:1.0]]
[2020.02.19-00.32.58:653][  0]LogConfig: Applying CVar settings from Section [AntiAliasingQuality@3] File [C:/Users/matth/Documents/GitHub/CS447_Game/CS447_Game/Saved/Config/Windows/Scalability.ini]
[2020.02.19-00.32.58:653][  0]LogConfig: Setting CVar [[r.PostProcessAAQuality:4]]
[2020.02.19-00.32.58:653][  0]LogConfig: Applying CVar settings from Section [ShadowQuality@3] File [C:/Users/matth/Documents/GitHub/CS447_Game/CS447_Game/Saved/Config/Windows/Scalability.ini]
[2020.02.19-00.32.58:653][  0]LogConfig: Setting CVar [[r.LightFunctionQuality:1]]
[2020.02.19-00.32.58:653][  0]LogConfig: Setting CVar [[r.ShadowQuality:5]]
[2020.02.19-00.32.58:653][  0]LogConfig: Setting CVar [[r.Shadow.CSM.MaxCascades:10]]
[2020.02.19-00.32.58:653][  0]LogConfig: Setting CVar [[r.Shadow.MaxResolution:2048]]
[2020.02.19-00.32.58:653][  0]LogConfig: Setting CVar [[r.Shadow.MaxCSMResolution:2048]]
[2020.02.19-00.32.58:653][  0]LogConfig: Setting CVar [[r.Shadow.RadiusThreshold:0.01]]
[2020.02.19-00.32.58:653][  0]LogConfig: Setting CVar [[r.Shadow.DistanceScale:1.0]]
[2020.02.19-00.32.58:653][  0]LogConfig: Setting CVar [[r.Shadow.CSM.TransitionScale:1.0]]
[2020.02.19-00.32.58:653][  0]LogConfig: Setting CVar [[r.Shadow.PreShadowResolutionFactor:1.0]]
[2020.02.19-00.32.58:653][  0]LogConfig: Setting CVar [[r.DistanceFieldShadowing:1]]
[2020.02.19-00.32.58:653][  0]LogConfig: Setting CVar [[r.DistanceFieldAO:1]]
[2020.02.19-00.32.58:653][  0]LogConfig: Setting CVar [[r.AOQuality:2]]
[2020.02.19-00.32.58:653][  0]LogConfig: Setting CVar [[r.VolumetricFog:1]]
[2020.02.19-00.32.58:653][  0]LogConfig: Setting CVar [[r.VolumetricFog.GridPixelSize:8]]
[2020.02.19-00.32.58:653][  0]LogConfig: Setting CVar [[r.VolumetricFog.GridSizeZ:128]]
[2020.02.19-00.32.58:653][  0]LogConfig: Setting CVar [[r.VolumetricFog.HistoryMissSupersampleCount:4]]
[2020.02.19-00.32.58:653][  0]LogConfig: Setting CVar [[r.LightMaxDrawDistanceScale:1]]
[2020.02.19-00.32.58:653][  0]LogConfig: Setting CVar [[r.CapsuleShadows:1]]
[2020.02.19-00.32.58:654][  0]LogConfig: Applying CVar settings from Section [PostProcessQuality@3] File [C:/Users/matth/Documents/GitHub/CS447_Game/CS447_Game/Saved/Config/Windows/Scalability.ini]
[2020.02.19-00.32.58:654][  0]LogConfig: Setting CVar [[r.MotionBlurQuality:4]]
[2020.02.19-00.32.58:654][  0]LogConfig: Setting CVar [[r.AmbientOcclusionMipLevelFactor:0.4]]
[2020.02.19-00.32.58:654][  0]LogConfig: Setting CVar [[r.AmbientOcclusionMaxQuality:100]]
[2020.02.19-00.32.58:654][  0]LogConfig: Setting CVar [[r.AmbientOcclusionLevels:-1]]
[2020.02.19-00.32.58:654][  0]LogConfig: Setting CVar [[r.AmbientOcclusionRadiusScale:1.0]]
[2020.02.19-00.32.58:654][  0]LogConfig: Setting CVar [[r.DepthOfFieldQuality:2]]
[2020.02.19-00.32.58:654][  0]LogConfig: Setting CVar [[r.RenderTargetPoolMin:400]]
[2020.02.19-00.32.58:654][  0]LogConfig: Setting CVar [[r.LensFlareQuality:2]]
[2020.02.19-00.32.58:654][  0]LogConfig: Setting CVar [[r.SceneColorFringeQuality:1]]
[2020.02.19-00.32.58:654][  0]LogConfig: Setting CVar [[r.EyeAdaptationQuality:2]]
[2020.02.19-00.32.58:654][  0]LogConfig: Setting CVar [[r.BloomQuality:5]]
[2020.02.19-00.32.58:654][  0]LogConfig: Setting CVar [[r.FastBlurThreshold:100]]
[2020.02.19-00.32.58:654][  0]LogConfig: Setting CVar [[r.Upscale.Quality:3]]
[2020.02.19-00.32.58:654][  0]LogConfig: Setting CVar [[r.Tonemapper.GrainQuantization:1]]
[2020.02.19-00.32.58:654][  0]LogConfig: Setting CVar [[r.LightShaftQuality:1]]
[2020.02.19-00.32.58:654][  0]LogConfig: Setting CVar [[r.Filter.SizeScale:1]]
[2020.02.19-00.32.58:654][  0]LogConfig: Setting CVar [[r.Tonemapper.Quality:5]]
[2020.02.19-00.32.58:654][  0]LogConfig: Setting CVar [[r.DOF.Gather.AccumulatorQuality:1        ; higher gathering accumulator quality]]
[2020.02.19-00.32.58:654][  0]LogConfig: Setting CVar [[r.DOF.Gather.PostfilterMethod:1          ; Median3x3 postfilering method]]
[2020.02.19-00.32.58:654][  0]LogConfig: Setting CVar [[r.DOF.Gather.EnableBokehSettings:0       ; no bokeh simulation when gathering]]
[2020.02.19-00.32.58:654][  0]LogConfig: Setting CVar [[r.DOF.Gather.RingCount:4                 ; medium number of samples when gathering]]
[2020.02.19-00.32.58:654][  0]LogConfig: Setting CVar [[r.DOF.Scatter.ForegroundCompositing:1    ; additive foreground scattering]]
[2020.02.19-00.32.58:654][  0]LogConfig: Setting CVar [[r.DOF.Scatter.BackgroundCompositing:2    ; additive background scattering]]
[2020.02.19-00.32.58:654][  0]LogConfig: Setting CVar [[r.DOF.Scatter.EnableBokehSettings:1      ; bokeh simulation when scattering]]
[2020.02.19-00.32.58:654][  0]LogConfig: Setting CVar [[r.DOF.Scatter.MaxSpriteRatio:0.1         ; only a maximum of 10% of scattered bokeh]]
[2020.02.19-00.32.58:654][  0]LogConfig: Setting CVar [[r.DOF.Recombine.Quality:1                ; cheap slight out of focus]]
[2020.02.19-00.32.58:654][  0]LogConfig: Setting CVar [[r.DOF.Recombine.EnableBokehSettings:0    ; no bokeh simulation on slight out of focus]]
[2020.02.19-00.32.58:654][  0]LogConfig: Setting CVar [[r.DOF.TemporalAAQuality:1                ; more stable temporal accumulation]]
[2020.02.19-00.32.58:654][  0]LogConfig: Setting CVar [[r.DOF.Kernel.MaxForegroundRadius:0.025]]
[2020.02.19-00.32.58:654][  0]LogConfig: Setting CVar [[r.DOF.Kernel.MaxBackgroundRadius:0.025]]
[2020.02.19-00.32.58:654][  0]LogConfig: Applying CVar settings from Section [TextureQuality@3] File [C:/Users/matth/Documents/GitHub/CS447_Game/CS447_Game/Saved/Config/Windows/Scalability.ini]
[2020.02.19-00.32.58:654][  0]LogConfig: Setting CVar [[r.Streaming.MipBias:0]]
[2020.02.19-00.32.58:654][  0]LogConfig: Setting CVar [[r.Streaming.AmortizeCPUToGPUCopy:0]]
[2020.02.19-00.32.58:654][  0]LogConfig: Setting CVar [[r.Streaming.MaxNumTexturesToStreamPerFrame:0]]
[2020.02.19-00.32.58:654][  0]LogConfig: Setting CVar [[r.Streaming.Boost:1]]
[2020.02.19-00.32.58:654][  0]LogConfig: Setting CVar [[r.MaxAnisotropy:8]]
[2020.02.19-00.32.58:654][  0]LogConfig: Setting CVar [[r.Streaming.LimitPoolSizeToVRAM:0]]
[2020.02.19-00.32.58:654][  0]LogConfig: Setting CVar [[r.Streaming.PoolSize:1000]]
[2020.02.19-00.32.58:654][  0]LogConfig: Setting CVar [[r.Streaming.MaxEffectiveScreenSize:0]]
[2020.02.19-00.32.58:655][  0]LogConfig: Applying CVar settings from Section [EffectsQuality@3] File [C:/Users/matth/Documents/GitHub/CS447_Game/CS447_Game/Saved/Config/Windows/Scalability.ini]
[2020.02.19-00.32.58:655][  0]LogConfig: Setting CVar [[r.TranslucencyLightingVolumeDim:64]]
[2020.02.19-00.32.58:655][  0]LogConfig: Setting CVar [[r.RefractionQuality:2]]
[2020.02.19-00.32.58:655][  0]LogConfig: Setting CVar [[r.SSR.Quality:3]]
[2020.02.19-00.32.58:655][  0]LogConfig: Setting CVar [[r.SceneColorFormat:4]]
[2020.02.19-00.32.58:655][  0]LogConfig: Setting CVar [[r.DetailMode:2]]
[2020.02.19-00.32.58:655][  0]LogConfig: Setting CVar [[r.TranslucencyVolumeBlur:1]]
[2020.02.19-00.32.58:655][  0]LogConfig: Setting CVar [[r.MaterialQualityLevel:1 ; High quality]]
[2020.02.19-00.32.58:655][  0]LogConfig: Setting CVar [[r.SSS.Scale:1]]
[2020.02.19-00.32.58:655][  0]LogConfig: Setting CVar [[r.SSS.SampleSet:2]]
[2020.02.19-00.32.58:655][  0]LogConfig: Setting CVar [[r.SSS.Quality:1]]
[2020.02.19-00.32.58:655][  0]LogConfig: Setting CVar [[r.SSS.HalfRes:1]]
[2020.02.19-00.32.58:655][  0]LogConfig: Setting CVar [[r.EmitterSpawnRateScale:1.0]]
[2020.02.19-00.32.58:655][  0]LogConfig: Setting CVar [[r.ParticleLightQuality:2]]
[2020.02.19-00.32.58:655][  0]LogConfig: Applying CVar settings from Section [FoliageQuality@3] File [C:/Users/matth/Documents/GitHub/CS447_Game/CS447_Game/Saved/Config/Windows/Scalability.ini]
[2020.02.19-00.32.58:655][  0]LogConfig: Setting CVar [[foliage.DensityScale:1.0]]
[2020.02.19-00.32.58:655][  0]LogConfig: Setting CVar [[grass.DensityScale:1.0]]
[2020.02.19-00.32.58:655][  0]LogConfig: Applying CVar settings from Section [Startup] File [../../../Engine/Config/ConsoleVariables.ini]
[2020.02.19-00.32.58:655][  0]LogConfig: Setting CVar [[net.UseAdaptiveNetUpdateFrequency:0]]
[2020.02.19-00.32.58:655][  0]LogConfig: Setting CVar [[p.chaos.AllowCreatePhysxBodies:1]]
[2020.02.19-00.32.58:655][  0]LogConfig: Applying CVar settings from Section [ConsoleVariables] File [C:/Users/matth/Documents/GitHub/CS447_Game/CS447_Game/Saved/Config/Windows/Engine.ini]
[2020.02.19-00.32.58:655][  0]LogInit: Computer: DESKTOP-PGPLUJ8
[2020.02.19-00.32.58:655][  0]LogInit: User: matth
[2020.02.19-00.32.58:656][  0]LogInit: CPU Page size=4096, Cores=4
[2020.02.19-00.32.58:656][  0]LogInit: High frequency timer resolution =10.000000 MHz
[2020.02.19-00.32.58:656][  0]LogMemory: Memory total: Physical=15.8GB (16GB approx)
[2020.02.19-00.32.58:656][  0]LogMemory: Platform Memory Stats for Windows
[2020.02.19-00.32.58:656][  0]LogMemory: Process Physical Memory: 98.95 MB used, 98.95 MB peak
[2020.02.19-00.32.58:656][  0]LogMemory: Process Virtual Memory: 97.85 MB used, 97.85 MB peak
[2020.02.19-00.32.58:656][  0]LogMemory: Physical Memory: 8485.88 MB used,  7722.00 MB free, 16207.89 MB total
[2020.02.19-00.32.58:656][  0]LogMemory: Virtual Memory: 4650.88 MB used,  134213080.00 MB free, 134217728.00 MB total
[2020.02.19-00.32.58:688][  0]LogInit: Using OS detected language (en-US).
[2020.02.19-00.32.58:688][  0]LogInit: Using OS detected locale (en-US).
[2020.02.19-00.32.58:690][  0]LogTextLocalizationManager: No specific localization for 'en-US' exists, so the 'en' localization will be used.
[2020.02.19-00.32.58:912][  0]LogInit: Setting process to per monitor DPI aware
[2020.02.19-00.32.58:987][  0]LogSlate: New Slate User Created.  User Index 0, Is Virtual User: 0
[2020.02.19-00.32.58:987][  0]LogSlate: Slate User Registered.  User Index 0, Is Virtual User: 0
[2020.02.19-00.32.59:309][  0]LogHMD: Failed to initialize OpenVR with code 110
[2020.02.19-00.32.59:309][  0]LogD3D11RHI: D3D11 adapters:
[2020.02.19-00.32.59:398][  0]LogD3D11RHI:    0. 'NVIDIA GeForce GTX 1050' (Feature Level 11_0)
[2020.02.19-00.32.59:398][  0]LogD3D11RHI:       1979/0/8103 MB DedicatedVideo/DedicatedSystem/SharedSystem, Outputs:1, VendorId:0x10de
[2020.02.19-00.32.59:412][  0]LogD3D11RHI:    1. 'Intel(R) HD Graphics 630' (Feature Level 11_0)
[2020.02.19-00.32.59:412][  0]LogD3D11RHI:       128/0/8103 MB DedicatedVideo/DedicatedSystem/SharedSystem, Outputs:0, VendorId:0x8086
[2020.02.19-00.32.59:415][  0]LogD3D11RHI:    2. 'Microsoft Basic Render Driver' (Feature Level 11_0)
[2020.02.19-00.32.59:415][  0]LogD3D11RHI:       0/0/8103 MB DedicatedVideo/DedicatedSystem/SharedSystem, Outputs:0, VendorId:0x1414
[2020.02.19-00.32.59:415][  0]LogD3D11RHI: Chosen D3D11 Adapter: 0
[2020.02.19-00.32.59:460][  0]LogD3D11RHI: Creating new Direct3DDevice
[2020.02.19-00.32.59:461][  0]LogD3D11RHI:     GPU DeviceId: 0x1c8d (for the marketing name, search the web for "GPU Device Id")
[2020.02.19-00.32.59:461][  0]LogWindows: EnumDisplayDevices:
[2020.02.19-00.32.59:461][  0]LogWindows:    0. 'Intel(R) HD Graphics 630' (P:1 D:1)
[2020.02.19-00.32.59:461][  0]LogWindows:    1. 'Intel(R) HD Graphics 630' (P:0 D:0)
[2020.02.19-00.32.59:462][  0]LogWindows:    2. 'Intel(R) HD Graphics 630' (P:0 D:0)
[2020.02.19-00.32.59:462][  0]LogWindows: DebugString: PrimaryIsNotTheChoosenAdapter PrimaryIsNotTheChoosenAdapter PrimaryIsNotTheChoosenAdapter FoundDriverCount:0 
[2020.02.19-00.32.59:462][  0]LogD3D11RHI:     Adapter Name: NVIDIA GeForce GTX 1050
[2020.02.19-00.32.59:462][  0]LogD3D11RHI:   Driver Version: Unknown (internal:Unknown, unified:Unknown)
[2020.02.19-00.32.59:462][  0]LogD3D11RHI:      Driver Date: Unknown
[2020.02.19-00.32.59:462][  0]LogRHI: Texture pool is 1385 MB (70% of 1979 MB)
[2020.02.19-00.32.59:517][  0]LogD3D11RHI: Async texture creation enabled
[2020.02.19-00.32.59:529][  0]LogRendererCore: FGlobalReadBuffer::InitRHI
[2020.02.19-00.32.59:529][  0]LogRendererCore: FGlobalReadBuffer::InitRHI
[2020.02.19-00.32.59:529][  0]LogRendererCore: FGlobalReadBuffer::InitRHI
[2020.02.19-00.32.59:538][  0]LogD3D11RHI: GPU Timing Frequency: 1000.000000 (Debug: 2 1)
[2020.02.19-00.32.59:967][  0]LogTemp: Display: Module 'AllDesktopTargetPlatform' loaded TargetPlatform 'AllDesktop'
[2020.02.19-00.32.59:985][  0]LogTemp: Display: Module 'MacClientTargetPlatform' loaded TargetPlatform 'MacClient'
[2020.02.19-00.33.00:012][  0]LogTemp: Display: Module 'MacNoEditorTargetPlatform' loaded TargetPlatform 'MacNoEditor'
[2020.02.19-00.33.00:037][  0]LogTemp: Display: Module 'MacServerTargetPlatform' loaded TargetPlatform 'MacServer'
[2020.02.19-00.33.00:064][  0]LogTemp: Display: Module 'MacTargetPlatform' loaded TargetPlatform 'Mac'
[2020.02.19-00.33.00:088][  0]LogTemp: Display: Module 'WindowsClientTargetPlatform' loaded TargetPlatform 'WindowsClient'
[2020.02.19-00.33.00:108][  0]LogTemp: Display: Module 'WindowsNoEditorTargetPlatform' loaded TargetPlatform 'WindowsNoEditor'
[2020.02.19-00.33.00:127][  0]LogTemp: Display: Module 'WindowsServerTargetPlatform' loaded TargetPlatform 'WindowsServer'
[2020.02.19-00.33.00:136][  0]LogTemp: Display: Module 'WindowsTargetPlatform' loaded TargetPlatform 'Windows'
[2020.02.19-00.33.00:244][  0]LogTemp: Display: Module 'AndroidTargetPlatform' loaded TargetPlatform 'Android'
[2020.02.19-00.33.00:244][  0]LogTemp: Display: Module 'AndroidTargetPlatform' loaded TargetPlatform 'Android_ASTC'
[2020.02.19-00.33.00:244][  0]LogTemp: Display: Module 'AndroidTargetPlatform' loaded TargetPlatform 'Android_ATC'
[2020.02.19-00.33.00:244][  0]LogTemp: Display: Module 'AndroidTargetPlatform' loaded TargetPlatform 'Android_DXT'
[2020.02.19-00.33.00:244][  0]LogTemp: Display: Module 'AndroidTargetPlatform' loaded TargetPlatform 'Android_ETC1'
[2020.02.19-00.33.00:244][  0]LogTemp: Display: Module 'AndroidTargetPlatform' loaded TargetPlatform 'Android_ETC1a'
[2020.02.19-00.33.00:244][  0]LogTemp: Display: Module 'AndroidTargetPlatform' loaded TargetPlatform 'Android_ETC2'
[2020.02.19-00.33.00:244][  0]LogTemp: Display: Module 'AndroidTargetPlatform' loaded TargetPlatform 'Android_PVRTC'
[2020.02.19-00.33.00:244][  0]LogTemp: Display: Module 'AndroidTargetPlatform' loaded TargetPlatform 'AndroidClient'
[2020.02.19-00.33.00:244][  0]LogTemp: Display: Module 'AndroidTargetPlatform' loaded TargetPlatform 'Android_ASTCClient'
[2020.02.19-00.33.00:244][  0]LogTemp: Display: Module 'AndroidTargetPlatform' loaded TargetPlatform 'Android_ATCClient'
[2020.02.19-00.33.00:244][  0]LogTemp: Display: Module 'AndroidTargetPlatform' loaded TargetPlatform 'Android_DXTClient'
[2020.02.19-00.33.00:244][  0]LogTemp: Display: Module 'AndroidTargetPlatform' loaded TargetPlatform 'Android_ETC1Client'
[2020.02.19-00.33.00:244][  0]LogTemp: Display: Module 'AndroidTargetPlatform' loaded TargetPlatform 'Android_ETC1aClient'
[2020.02.19-00.33.00:244][  0]LogTemp: Display: Module 'AndroidTargetPlatform' loaded TargetPlatform 'Android_ETC2Client'
[2020.02.19-00.33.00:244][  0]LogTemp: Display: Module 'AndroidTargetPlatform' loaded TargetPlatform 'Android_PVRTCClient'
[2020.02.19-00.33.00:244][  0]LogTemp: Display: Module 'AndroidTargetPlatform' loaded TargetPlatform 'Android_Multi'
[2020.02.19-00.33.00:244][  0]LogTemp: Display: Module 'AndroidTargetPlatform' loaded TargetPlatform 'Android_MultiClient'
[2020.02.19-00.33.00:246][  0]LogTemp: Display: Module 'HTML5TargetPlatform' loaded TargetPlatform 'HTML5'
[2020.02.19-00.33.00:302][  0]LogTemp: Display: Module 'IOSTargetPlatform' loaded TargetPlatform 'IOSClient'
[2020.02.19-00.33.00:302][  0]LogTemp: Display: Module 'IOSTargetPlatform' loaded TargetPlatform 'IOS'
[2020.02.19-00.33.00:334][  0]LogTemp: Display: Module 'TVOSTargetPlatform' loaded TargetPlatform 'TVOSClient'
[2020.02.19-00.33.00:334][  0]LogTemp: Display: Module 'TVOSTargetPlatform' loaded TargetPlatform 'TVOS'
[2020.02.19-00.33.00:350][  0]LogTemp: Display: Module 'LinuxClientTargetPlatform' loaded TargetPlatform 'LinuxClient'
[2020.02.19-00.33.00:365][  0]LogTemp: Display: Module 'LinuxNoEditorTargetPlatform' loaded TargetPlatform 'LinuxNoEditor'
[2020.02.19-00.33.00:381][  0]LogTemp: Display: Module 'LinuxServerTargetPlatform' loaded TargetPlatform 'LinuxServer'
[2020.02.19-00.33.00:398][  0]LogTemp: Display: Module 'LinuxTargetPlatform' loaded TargetPlatform 'Linux'
[2020.02.19-00.33.00:467][  0]LogTemp: Display: Module 'LuminTargetPlatform' loaded TargetPlatform 'Lumin'
[2020.02.19-00.33.00:467][  0]LogTemp: Display: Module 'LuminTargetPlatform' loaded TargetPlatform 'LuminClient'
[2020.02.19-00.33.00:468][  0]LogTargetPlatformManager: Display: Building Assets For Windows
[2020.02.19-00.33.00:486][  0]LogAudioDebug: Display: Lib vorbis DLL was dynamically loaded.
[2020.02.19-00.33.00:562][  0]LogShaderCompilers: Guid format shader working directory is -23 characters bigger than the processId version (../../../../../../Users/matth/Documents/GitHub/CS447_Game/CS447_Game/Intermediate/Shaders/WorkingDirectory/30436/).
[2020.02.19-00.33.00:562][  0]LogShaderCompilers: Cleaned the shader compiler working directory 'C:/Users/matth/AppData/Local/Temp/UnrealShaderWorkingDir/7D3549694E637A65C2FC4FADC60E4752/'.
[2020.02.19-00.33.00:565][  0]LogXGEController: Cannot use XGE Controller as Incredibuild is not installed on this machine.
[2020.02.19-00.33.00:565][  0]LogShaderCompilers: Cannot use XGE Shader Compiler as Incredibuild is not installed on this machine.
[2020.02.19-00.33.00:565][  0]LogShaderCompilers: Display: Using Local Shader Compiler.
[2020.02.19-00.33.01:267][  0]LogDerivedDataCache: Display: Max Cache Size: 512 MB
[2020.02.19-00.33.01:322][  0]LogDerivedDataCache: Loaded boot cache 0.05s 71MB C:/Users/matth/AppData/Local/UnrealEngine/4.22/DerivedDataCache/Boot.ddc.
[2020.02.19-00.33.01:322][  0]LogDerivedDataCache: Display: Loaded Boot cache: C:/Users/matth/AppData/Local/UnrealEngine/4.22/DerivedDataCache/Boot.ddc
[2020.02.19-00.33.01:323][  0]LogDerivedDataCache: FDerivedDataBackendGraph:  Pak pak cache file ../../../../../../Users/matth/Documents/GitHub/CS447_Game/CS447_Game/DerivedDataCache/DDC.ddp not found, will not use a pak cache.
[2020.02.19-00.33.01:323][  0]LogDerivedDataCache: Unable to find inner node Pak for hierarchical cache Hierarchy.
[2020.02.19-00.33.01:323][  0]LogDerivedDataCache: FDerivedDataBackendGraph:  CompressedPak pak cache file ../../../../../../Users/matth/Documents/GitHub/CS447_Game/CS447_Game/DerivedDataCache/Compressed.ddp not found, will not use a pak cache.
[2020.02.19-00.33.01:323][  0]LogDerivedDataCache: Unable to find inner node CompressedPak for hierarchical cache Hierarchy.
[2020.02.19-00.33.01:338][  0]LogDerivedDataCache: Display: Pak cache opened for reading ../../../Engine/DerivedDataCache/Compressed.ddp.
[2020.02.19-00.33.01:338][  0]LogDerivedDataCache: FDerivedDataBackendGraph:  EnterprisePak pak cache file ../../../Enterprise/DerivedDataCache/Compressed.ddp not found, will not use a pak cache.
[2020.02.19-00.33.01:338][  0]LogDerivedDataCache: Unable to find inner node EnterprisePak for hierarchical cache Hierarchy.
[2020.02.19-00.33.01:351][  0]LogDerivedDataCache: Using Local data cache path C:/Users/matth/AppData/Local/UnrealEngine/Common/DerivedDataCache: Writable
[2020.02.19-00.33.01:351][  0]LogDerivedDataCache: Shared data cache path not found in *engine.ini, will not use an Shared cache.
[2020.02.19-00.33.01:351][  0]LogDerivedDataCache: Unable to find inner node Shared for hierarchical cache Hierarchy.
[2020.02.19-00.33.01:377][  0]LogMaterial: Verifying Global Shaders for PCD3D_SM5
[2020.02.19-00.33.01:378][  0]LogSlate: Using FreeType 2.6.0
[2020.02.19-00.33.01:379][  0]LogSlate: SlateFontServices - WITH_FREETYPE: 1, WITH_HARFBUZZ: 1
[2020.02.19-00.33.01:485][  0]LogAssetRegistry: FAssetRegistry took 0.0362 seconds to start up
[2020.02.19-00.33.01:969][  0]LogInit: Selected Device Profile: [Windows]
[2020.02.19-00.33.02:161][  0]LogMeshReduction: Using QuadricMeshReduction for automatic static mesh reduction
[2020.02.19-00.33.02:161][  0]LogMeshReduction: Using SimplygonMeshReduction for automatic skeletal mesh reduction
[2020.02.19-00.33.02:161][  0]LogMeshReduction: Using ProxyLODMeshReduction for automatic mesh merging
[2020.02.19-00.33.02:161][  0]LogMeshReduction: No distributed automatic mesh merging module available
[2020.02.19-00.33.02:161][  0]LogMeshMerging: No distributed automatic mesh merging module available
[2020.02.19-00.33.02:175][  0]LogNetVersion: CS447_Game 1.0.0, NetCL: 5660361, EngineNetVer: 10, GameNetVer: 0 (Checksum: 4054590640)
[2020.02.19-00.33.02:776][  0]LogPackageLocalizationCache: Processed 10 localized package path(s) for 1 prioritized culture(s) in 0.082056 seconds
[2020.02.19-00.33.02:786][  0]LogUObjectArray: 42205 objects as part of root set at end of initial load.
[2020.02.19-00.33.02:786][  0]LogUObjectAllocator: 7325032 out of 0 bytes used by permanent object pool.
[2020.02.19-00.33.02:786][  0]LogUObjectArray: CloseDisregardForGC: 0/0 objects in disregard for GC pool
[2020.02.19-00.33.03:931][  0]LogTcpMessaging: Initializing TcpMessaging bridge
[2020.02.19-00.33.03:945][  0]LogUdpMessaging: Initializing bridge on interface 0.0.0.0:0 to multicast group 230.0.0.1:6666.
[2020.02.19-00.33.04:063][  0]SourceControl: Source control is disabled
[2020.02.19-00.33.04:063][  0]SourceControl: Source control is disabled
[2020.02.19-00.33.04:065][  0]SourceControl: Source control is disabled
[2020.02.19-00.33.04:067][  0]SourceControl: Source control is disabled
[2020.02.19-00.33.04:078][  0]LogVSAccessor: Display: Unable to create Visual Studio setup instance: 80040154
[2020.02.19-00.33.04:079][  0]LogVSAccessor: Display: Unable to create Visual Studio setup instance: 80040154
[2020.02.19-00.33.04:178][  0]LogAndroidPermission: UAndroidPermissionCallbackProxy::GetInstance
[2020.02.19-00.33.04:291][  0]LogOcInput: OculusInput pre-init called
[2020.02.19-00.33.05:184][  0]LogEngine: Initializing Engine...
[2020.02.19-00.33.05:186][  0]LogHMD: Failed to initialize OpenVR with code 110
[2020.02.19-00.33.05:187][  0]LogStats: UGameplayTagsManager::InitializeManager -  0.000 s
[2020.02.19-00.33.05:449][  0]LogInit: Initializing FReadOnlyCVARCache
[2020.02.19-00.33.05:466][  0]LogAIModule: Creating AISystem for world Untitled
[2020.02.19-00.33.05:497][  0]LogInit: XAudio2 using 'Speakers (Realtek High Definition Audio)' : 2 channels at 48 kHz using 32 bits per sample (channel mask 0x3)
[2020.02.19-00.33.05:574][  0]LogInit: FAudioDevice initialized.
[2020.02.19-00.33.05:575][  0]LogNetVersion: Set ProjectVersion to 1.0.0.0. Version Checksum will be recalculated on next use.
[2020.02.19-00.33.05:756][  0]LogDerivedDataCache: Saved boot cache 0.18s 71MB C:/Users/matth/AppData/Local/UnrealEngine/4.22/DerivedDataCache/Boot.ddc.
[2020.02.19-00.33.05:762][  0]LogInit: Texture streaming: Enabled
[2020.02.19-00.33.05:787][  0]LogEngineSessionManager: EngineSessionManager initialized
[2020.02.19-00.33.05:825][  0]LogInit: Transaction tracking system initialized
[2020.02.19-00.33.05:860][  0]BlueprintLog: New page: Editor Load
[2020.02.19-00.33.05:986][  0]LocalizationService: Localization service is disabled
[2020.02.19-00.33.06:154][  0]LogVSAccessor: Display: Unable to create Visual Studio setup instance: 80040154
[2020.02.19-00.33.06:155][  0]LogVSAccessor: Display: Unable to create Visual Studio setup instance: 80040154
[2020.02.19-00.33.06:389][  0]LogFileCache: Scanning file cache for directory 'C:/Users/matth/Documents/GitHub/CS447_Game/CS447_Game/Content/' took 0.02s
[2020.02.19-00.33.06:390][  0]LogCook: Display: Max memory allowance for cook 16384mb min free memory 0mb
[2020.02.19-00.33.06:390][  0]LogCook: Display: Mobile HDR setting 1
[2020.02.19-00.33.06:632][  0]SourceControl: Source control is disabled
[2020.02.19-00.33.06:632][  0]Cmd: MAP LOAD FILE="../../../../../../Users/matth/Documents/GitHub/CS447_Game/CS447_Game/Content/ThirdPersonBP/Maps/ThirdPersonExampleMap.umap" TEMPLATE=0 SHOWPROGRESS=1 FEATURELEVEL=3
[2020.02.19-00.33.06:638][  0]LightingResults: New page: Lighting Build
[2020.02.19-00.33.06:642][  0]MapCheck: New page: Map Check
[2020.02.19-00.33.06:642][  0]LightingResults: New page: Lighting Build
[2020.02.19-00.33.06:675][  0]LogUObjectHash: Compacting FUObjectHashTables data took   2.78ms
[2020.02.19-00.33.07:826][  0]LogTexture: Display: Building textures: Key_message (BGRA8, 902X176)
[2020.02.19-00.33.07:826][  0]LogTexture: Display: Building textures: end_cap (BGRA8, 810X422)
[2020.02.19-00.33.07:826][  0]LogTexture: Display: Building textures: corner (BGRA8, 736X670)
[2020.02.19-00.33.07:826][  0]LogTexture: Display: Building textures: Key (BGRA8, 163X304)
[2020.02.19-00.33.07:826][  0]LogTexture: Display: Building textures: dungeon_left_wall_2 (BGRA8, 659X2459)
[2020.02.19-00.33.07:826][  0]LogTexture: Display: Building textures: Win-Text (BGRA8, 1500X505)
[2020.02.19-00.33.07:826][  0]LogTexture: Display: Building textures: Game-Over-Text (BGRA8, 1500X505)
[2020.02.19-00.33.07:826][  0]LogMaterial: Display: Missing cached shader map for material corner_Mat, compiling. 
[2020.02.19-00.33.08:193][  0]LogAIModule: Creating AISystem for world ThirdPersonExampleMap
[2020.02.19-00.33.08:258][  0]LogEditorServer: Finished looking for orphan Actors (0.000 secs)
[2020.02.19-00.33.08:301][  0]LogUObjectHash: Compacting FUObjectHashTables data took   4.10ms
[2020.02.19-00.33.08:301][  0]Cmd: MAP CHECKDEP NOCLEARLOG
[2020.02.19-00.33.08:301][  0]MapCheck: Map check complete: 0 Error(s), 0 Warning(s), took 0.245ms to complete.
[2020.02.19-00.33.08:301][  0]LogFileHelpers: Loading map 'ThirdPersonExampleMap' took 1.669
[2020.02.19-00.33.08:493][  0]LogSlate: Updating window title bar state: overlay mode, drag disabled, window buttons hidden, title bar hidden
[2020.02.19-00.33.08:510][  0]LogSlate: Updating window title bar state: overlay mode, drag disabled, window buttons hidden, title bar hidden
[2020.02.19-00.33.08:525][  0]LogSlate: Updating window title bar state: overlay mode, drag disabled, window buttons hidden, title bar hidden
[2020.02.19-00.33.08:541][  0]LogSlate: Updating window title bar state: overlay mode, drag disabled, window buttons hidden, title bar hidden
[2020.02.19-00.33.08:566][  0]LogCollectionManager: Loaded 0 collections in 0.003631 seconds
[2020.02.19-00.33.08:620][  0]LogFileCache: Scanning file cache for directory 'C:/Users/matth/Documents/GitHub/CS447_Game/CS447_Game/Saved/Collections/' took 0.01s
[2020.02.19-00.33.08:620][  0]LogFileCache: Scanning file cache for directory 'C:/Users/matth/Documents/GitHub/CS447_Game/CS447_Game/Content/Developers/matth/Collections/' took 0.01s
[2020.02.19-00.33.08:620][  0]LogFileCache: Scanning file cache for directory 'C:/Users/matth/Documents/GitHub/CS447_Game/CS447_Game/Content/Collections/' took 0.01s
[2020.02.19-00.33.08:621][  0]LogCollectionManager: Rebuilt the GUID cache for 0 collections in 0.000001 seconds
[2020.02.19-00.33.08:639][  0]LogContentBrowser: Native class hierarchy populated in 0.0170 seconds. Added 2732 classes and 659 folders.
[2020.02.19-00.33.08:656][  0]LogContentBrowser: Native class hierarchy updated for 'WidgetCarousel' in 0.0004 seconds. Added 0 classes and 0 folders.
[2020.02.19-00.33.08:673][  0]LogPakFile: Registered encryption key '00000000000000000000000000000000': 0 pak files mounted, 0 remain pending
[2020.02.19-00.33.08:687][  0]LogPakFile: Registered encryption key '00000000000000000000000000000000': 0 pak files mounted, 0 remain pending
[2020.02.19-00.33.08:726][  0]LogPakFile: Registered encryption key '00000000000000000000000000000000': 0 pak files mounted, 0 remain pending
[2020.02.19-00.33.08:739][  0]LogPakFile: Registered encryption key '00000000000000000000000000000000': 0 pak files mounted, 0 remain pending
[2020.02.19-00.33.08:754][  0]LogPakFile: Registered encryption key '00000000000000000000000000000000': 0 pak files mounted, 0 remain pending
[2020.02.19-00.33.08:766][  0]LogPakFile: Registered encryption key '00000000000000000000000000000000': 0 pak files mounted, 0 remain pending
[2020.02.19-00.33.08:779][  0]LogPakFile: Registered encryption key '00000000000000000000000000000000': 0 pak files mounted, 0 remain pending
[2020.02.19-00.33.08:790][  0]LogPakFile: Registered encryption key '00000000000000000000000000000000': 0 pak files mounted, 0 remain pending
[2020.02.19-00.33.08:803][  0]LogPakFile: Registered encryption key '00000000000000000000000000000000': 0 pak files mounted, 0 remain pending
[2020.02.19-00.33.08:818][  0]LogPakFile: Registered encryption key '00000000000000000000000000000000': 0 pak files mounted, 0 remain pending
[2020.02.19-00.33.08:830][  0]LogPakFile: Registered encryption key '00000000000000000000000000000000': 0 pak files mounted, 0 remain pending
[2020.02.19-00.33.08:843][  0]LogPakFile: Registered encryption key '00000000000000000000000000000000': 0 pak files mounted, 0 remain pending
[2020.02.19-00.33.08:855][  0]LogPakFile: Registered encryption key '00000000000000000000000000000000': 0 pak files mounted, 0 remain pending
[2020.02.19-00.33.08:866][  0]LogPakFile: Registered encryption key '00000000000000000000000000000000': 0 pak files mounted, 0 remain pending
[2020.02.19-00.33.08:878][  0]LogPakFile: Registered encryption key '00000000000000000000000000000000': 0 pak files mounted, 0 remain pending
[2020.02.19-00.33.08:889][  0]LogPakFile: Registered encryption key '00000000000000000000000000000000': 0 pak files mounted, 0 remain pending
[2020.02.19-00.33.08:948][  0]LogPakFile: Registered encryption key '00000000000000000000000000000000': 0 pak files mounted, 0 remain pending
[2020.02.19-00.33.08:960][  0]LogPakFile: Registered encryption key '00000000000000000000000000000000': 0 pak files mounted, 0 remain pending
[2020.02.19-00.33.08:972][  0]LogPakFile: Registered encryption key '00000000000000000000000000000000': 0 pak files mounted, 0 remain pending
[2020.02.19-00.33.08:984][  0]LogPakFile: Registered encryption key '00000000000000000000000000000000': 0 pak files mounted, 0 remain pending
[2020.02.19-00.33.08:996][  0]LogPakFile: Registered encryption key '00000000000000000000000000000000': 0 pak files mounted, 0 remain pending
[2020.02.19-00.33.09:008][  0]LogPakFile: Registered encryption key '00000000000000000000000000000000': 0 pak files mounted, 0 remain pending
[2020.02.19-00.33.09:019][  0]LogPakFile: Registered encryption key '00000000000000000000000000000000': 0 pak files mounted, 0 remain pending
[2020.02.19-00.33.09:032][  0]LogPakFile: Registered encryption key '00000000000000000000000000000000': 0 pak files mounted, 0 remain pending
[2020.02.19-00.33.09:043][  0]LogPakFile: Registered encryption key '00000000000000000000000000000000': 0 pak files mounted, 0 remain pending
[2020.02.19-00.33.09:055][  0]LogPakFile: Registered encryption key '00000000000000000000000000000000': 0 pak files mounted, 0 remain pending
[2020.02.19-00.33.09:352][  0]LogContentBrowser: Native class hierarchy updated for 'AddContentDialog' in 0.0005 seconds. Added 0 classes and 0 folders.
[2020.02.19-00.33.09:370][  0]LogContentBrowser: Native class hierarchy updated for 'SceneOutliner' in 0.0005 seconds. Added 1 classes and 2 folders.
[2020.02.19-00.33.09:422][  0]LogSlate: Took 0.000254 seconds to synchronously load lazily loaded font '../../../Engine/Content/Slate/Fonts/Roboto-Regular.ttf' (155K)
[2020.02.19-00.33.09:428][  0]LogSlate: Took 0.000381 seconds to synchronously load lazily loaded font '../../../Engine/Content/Slate/Fonts/Roboto-Bold.ttf' (160K)
[2020.02.19-00.33.09:452][  0]LogSlate: Took 0.013486 seconds to synchronously load lazily loaded font '../../../Engine/Content/Editor/Slate/Fonts/FontAwesome.ttf' (139K)
[2020.02.19-00.33.09:654][  0]LogRenderer: Reallocating scene render targets to support 964x436 Format 10 NumSamples 1 (Frame:1).
[2020.02.19-00.33.10:199][  0]LogContentBrowser: Native class hierarchy updated for 'HierarchicalLODOutliner' in 0.0005 seconds. Added 0 classes and 0 folders.
[2020.02.19-00.33.10:199][  0]LogLoad: (Engine Initialization) Total time: 14.02 seconds
[2020.02.19-00.33.10:199][  0]LogLoad: (Engine Initialization) Total Blueprint compile time: 0.00 seconds
[2020.02.19-00.33.10:296][  0]LogContentStreaming: Texture pool size now 1000 MB
[2020.02.19-00.33.13:519][161]LogSlate: FSceneViewport::OnFocusLost() reason 0
[2020.02.19-00.33.13:630][168]LogTemp: Repeating last play command: New Editor Window (PIE)
[2020.02.19-00.33.13:757][168]LogBlueprintUserMessages: Early PlayInEditor Detection: Level '/Game/ThirdPersonBP/Maps/ThirdPersonExampleMap.ThirdPersonExampleMap:PersistentLevel' has LevelScriptBlueprint '/Game/ThirdPersonBP/Maps/ThirdPersonExampleMap.ThirdPersonExampleMap:PersistentLevel.ThirdPersonExampleMap' with GeneratedClass '/Game/ThirdPersonBP/Maps/ThirdPersonExampleMap.ThirdPersonExampleMap_C' with ClassGeneratedBy '/Game/ThirdPersonBP/Maps/ThirdPersonExampleMap.ThirdPersonExampleMap:PersistentLevel.ThirdPersonExampleMap'
[2020.02.19-00.33.13:758][168]LogPlayLevel: PlayLevel: No blueprints needed recompiling
[2020.02.19-00.33.13:759][168]PIE: New page: PIE session: ThirdPersonExampleMap (Feb 18, 2020, 8:33:13 AM)
[2020.02.19-00.33.13:772][168]LogPlayLevel: Creating play world package: /Game/ThirdPersonBP/Maps/UEDPIE_0_ThirdPersonExampleMap
[2020.02.19-00.33.13:842][168]LogPlayLevel: PIE: StaticDuplicateObject took: (0.069733s)
[2020.02.19-00.33.13:844][168]LogAIModule: Creating AISystem for world ThirdPersonExampleMap
[2020.02.19-00.33.13:844][168]LogPlayLevel: PIE: World Init took: (0.001597s)
[2020.02.19-00.33.13:844][168]LogPlayLevel: PIE: Created PIE world by copying editor world from /Game/ThirdPersonBP/Maps/ThirdPersonExampleMap.ThirdPersonExampleMap to /Game/ThirdPersonBP/Maps/UEDPIE_0_ThirdPersonExampleMap.ThirdPersonExampleMap (0.071910s)
[2020.02.19-00.33.13:877][168]LogUObjectHash: Compacting FUObjectHashTables data took   2.92ms
[2020.02.19-00.33.13:895][168]LogInit: XAudio2 using 'Speakers (Realtek High Definition Audio)' : 2 channels at 48 kHz using 32 bits per sample (channel mask 0x3)
[2020.02.19-00.33.13:934][168]LogInit: FAudioDevice initialized.
[2020.02.19-00.33.13:947][168]LogSlate: Updating window title bar state: overlay mode, drag disabled, window buttons hidden, title bar hidden
[2020.02.19-00.33.14:004][168]LogLoad: Game class is 'ThirdPersonGameMode_C'
[2020.02.19-00.33.14:025][168]LogWorld: Bringing World /Game/ThirdPersonBP/Maps/UEDPIE_0_ThirdPersonExampleMap.ThirdPersonExampleMap up for play (max tick rate 0) at 2020.02.18-16.33.14
[2020.02.19-00.33.14:032][168]LogWorld: Bringing up level for play took: 0.025898
[2020.02.19-00.33.14:059][168]LogContentBrowser: Native class hierarchy updated for 'MovieSceneCapture' in 0.0008 seconds. Added 20 classes and 0 folders.
[2020.02.19-00.33.14:068][168]PIE: Play in editor start time for /Game/ThirdPersonBP/Maps/UEDPIE_0_ThirdPersonExampleMap 1.15
[2020.02.19-00.33.14:069][168]LogBlueprintUserMessages: Late PlayInEditor Detection: Level '/Game/ThirdPersonBP/Maps/ThirdPersonExampleMap.ThirdPersonExampleMap:PersistentLevel' has LevelScriptBlueprint '/Game/ThirdPersonBP/Maps/ThirdPersonExampleMap.ThirdPersonExampleMap:PersistentLevel.ThirdPersonExampleMap' with GeneratedClass '/Game/ThirdPersonBP/Maps/ThirdPersonExampleMap.ThirdPersonExampleMap_C' with ClassGeneratedBy '/Game/ThirdPersonBP/Maps/ThirdPersonExampleMap.ThirdPersonExampleMap:PersistentLevel.ThirdPersonExampleMap'
[2020.02.19-00.33.16:554][286]LogTemp: IOS device listing is disabled (to many failed attempts)!
[2020.02.19-00.33.27:918][987]LogAssetRegistry: Asset discovery search completed in 26.4561 seconds
[2020.02.19-00.33.27:925][987]LogCollectionManager: Rebuilt the object cache for 0 collections in 0.000001 seconds (found 0 objects)
[2020.02.19-00.33.27:925][987]LogCollectionManager: Fixed up redirectors for 0 collections in 0.000200 seconds (updated 0 objects)
[2020.02.19-00.33.33:824][416]LogBlueprintUserMessages: [Rock_C_0] SOUND
[2020.02.19-00.33.33:824][416]LogBlueprintUserMessages: [Rock_C_0] SOUND
[2020.02.19-00.33.36:091][582]LogBlueprintUserMessages: [Rock_C_0] SOUND
[2020.02.19-00.33.36:112][583]LogBlueprintUserMessages: [Enemy_3] I hear Rock
[2020.02.19-00.33.36:289][595]LogBlueprintUserMessages: [Enemy_3] I hear Rock
[2020.02.19-00.33.36:380][602]LogBlueprintUserMessages: [Rock_C_0] SOUND
[2020.02.19-00.33.36:403][603]LogBlueprintUserMessages: [Enemy_3] I hear Rock
[2020.02.19-00.33.36:471][608]LogBlueprintUserMessages: [Enemy_3] I hear Rock
[2020.02.19-00.33.38:215][736]LogBlueprintUserMessages: [Rock_C_0] SOUND
[2020.02.19-00.33.38:232][737]LogBlueprintUserMessages: [Enemy_3] I hear Rock
[2020.02.19-00.33.38:415][751]LogBlueprintUserMessages: [Enemy_3] I hear Rock
[2020.02.19-00.33.38:757][775]LogBlueprintUserMessages: [Rock_C_0] SOUND
[2020.02.19-00.33.38:780][776]LogBlueprintUserMessages: [Enemy_3] I hear Rock
[2020.02.19-00.33.39:084][799]LogBlueprintUserMessages: [Enemy_3] I hear Rock
[2020.02.19-00.33.39:722][845]LogBlueprintUserMessages: [Enemy_3] I see Player
[2020.02.19-00.33.39:737][846]LogBlueprintUserMessages: [Enemy_3] I see Player
[2020.02.19-00.33.46:745][356]LogBlueprintUserMessages: [Rock_C_0] SOUND
[2020.02.19-00.33.47:159][387]LogBlueprintUserMessages: [Enemy_3] I see Player
[2020.02.19-00.33.47:172][388]LogBlueprintUserMessages: [Enemy_3] I see Player
[2020.02.19-00.33.48:456][481]LogBlueprintUserMessages: [Enemy_1] I see Player
[2020.02.19-00.33.54:614][929]LogBlueprintUserMessages: [Rock_C_0] SOUND
[2020.02.19-00.33.56:295][ 53]LogBlueprintUserMessages: [Enemy_1] I see Player
[2020.02.19-00.33.56:473][ 65]LogBlueprintUserMessages: [Enemy_3] I see Player
[2020.02.19-00.33.58:524][214]LogBlueprintUserMessages: [Enemy_3] I see Player
[2020.02.19-00.33.58:732][229]LogBlueprintUserMessages: [Enemy_1] I see Player
[2020.02.19-00.33.59:738][302]LogBlueprintUserMessages: [Rock_C_1] SOUND
[2020.02.19-00.33.59:739][302]LogBlueprintUserMessages: [Rock_C_1] SOUND
[2020.02.19-00.33.59:739][302]LogBlueprintUserMessages: [Rock_C_1] SOUND
[2020.02.19-00.33.59:753][303]LogBlueprintUserMessages: [Enemy_1] I hear Rock
[2020.02.19-00.33.59:753][303]LogBlueprintUserMessages: [Enemy_1] I hear Rock
[2020.02.19-00.33.59:753][303]LogBlueprintUserMessages: [Enemy_1] I hear Rock
[2020.02.19-00.33.59:753][303]LogBlueprintUserMessages: [Enemy_3] I hear Rock
[2020.02.19-00.33.59:753][303]LogBlueprintUserMessages: [Enemy_3] I hear Rock
[2020.02.19-00.33.59:753][303]LogBlueprintUserMessages: [Enemy_3] I hear Rock
[2020.02.19-00.33.59:784][305]LogBlueprintUserMessages: [Enemy_3] I hear Rock
[2020.02.19-00.33.59:785][305]LogBlueprintUserMessages: [Enemy_3] I hear Rock
[2020.02.19-00.33.59:785][305]LogBlueprintUserMessages: [Enemy_3] I hear Rock
[2020.02.19-00.33.59:798][306]LogBlueprintUserMessages: [Enemy_1] I hear Rock
[2020.02.19-00.33.59:799][306]LogBlueprintUserMessages: [Enemy_1] I hear Rock
[2020.02.19-00.33.59:799][306]LogBlueprintUserMessages: [Enemy_1] I hear Rock
[2020.02.19-00.34.01:751][444]LogBlueprintUserMessages: [Rock_C_1] SOUND
[2020.02.19-00.34.04:428][639]LogBlueprintUserMessages: [Enemy_3] I see Player
[2020.02.19-00.34.04:548][648]LogBlueprintUserMessages: [Enemy_1] I see Player
[2020.02.19-00.34.16:294][501]LogBlueprintUserMessages: [Rock_C_1] SOUND
[2020.02.19-00.34.38:264][ 99]LogBlueprintUserMessages: [Rock_C_2] SOUND
[2020.02.19-00.34.38:265][ 99]LogBlueprintUserMessages: [Rock_C_2] SOUND
[2020.02.19-00.34.38:284][100]LogBlueprintUserMessages: [Enemy_1] I hear Rock
[2020.02.19-00.34.38:284][100]LogBlueprintUserMessages: [Enemy_1] I hear Rock
[2020.02.19-00.34.38:284][100]LogBlueprintUserMessages: [Enemy_3] I hear Rock
[2020.02.19-00.34.38:284][100]LogBlueprintUserMessages: [Enemy_3] I hear Rock
[2020.02.19-00.34.38:310][102]LogBlueprintUserMessages: [Enemy_3] I hear Rock
[2020.02.19-00.34.38:310][102]LogBlueprintUserMessages: [Enemy_3] I hear Rock
[2020.02.19-00.34.38:352][105]LogBlueprintUserMessages: [Enemy_1] I hear Rock
[2020.02.19-00.34.38:352][105]LogBlueprintUserMessages: [Enemy_1] I hear Rock
[2020.02.19-00.34.44:179][528]LogBlueprintUserMessages: Early EndPlayMap Detection: Level '/Game/ThirdPersonBP/Maps/ThirdPersonExampleMap.ThirdPersonExampleMap:PersistentLevel' has LevelScriptBlueprint '/Game/ThirdPersonBP/Maps/ThirdPersonExampleMap.ThirdPersonExampleMap:PersistentLevel.ThirdPersonExampleMap' with GeneratedClass '/Game/ThirdPersonBP/Maps/ThirdPersonExampleMap.ThirdPersonExampleMap_C' with ClassGeneratedBy '/Game/ThirdPersonBP/Maps/ThirdPersonExampleMap.ThirdPersonExampleMap:PersistentLevel.ThirdPersonExampleMap'
[2020.02.19-00.34.44:179][528]LogSlate: Updating window title bar state: overlay mode, drag disabled, window buttons hidden, title bar hidden
[2020.02.19-00.34.44:220][528]LogSlate: Window 'CS447_Game Game Preview Standalone (64-bit/PCD3D_SM5)' being destroyed
[2020.02.19-00.34.44:256][528]LogPlayLevel: Display: Shutting down PIE online subsystems
[2020.02.19-00.34.44:257][528]LogBlueprintUserMessages: Late EndPlayMap Detection: Level '/Game/ThirdPersonBP/Maps/ThirdPersonExampleMap.ThirdPersonExampleMap:PersistentLevel' has LevelScriptBlueprint '/Game/ThirdPersonBP/Maps/ThirdPersonExampleMap.ThirdPersonExampleMap:PersistentLevel.ThirdPersonExampleMap' with GeneratedClass '/Game/ThirdPersonBP/Maps/ThirdPersonExampleMap.ThirdPersonExampleMap_C' with ClassGeneratedBy '/Game/ThirdPersonBP/Maps/ThirdPersonExampleMap.ThirdPersonExampleMap:PersistentLevel.ThirdPersonExampleMap'
[2020.02.19-00.34.44:304][528]LogUObjectHash: Compacting FUObjectHashTables data took   2.58ms
[2020.02.19-00.34.44:336][529]LogPlayLevel: Display: Destroying online subsystem :Context_3
[2020.02.19-00.35.15:153][829]LogEditorViewport: Clicking on Actor (LMB): StaticMeshActor (Floor2)
[2020.02.19-00.35.32:913][  5]LogSlate: FSceneViewport::OnFocusLost() reason 0
[2020.02.19-00.35.32:970][  9]LogTemp: Repeating last play command: New Editor Window (PIE)
[2020.02.19-00.35.33:003][  9]LogBlueprintUserMessages: Early PlayInEditor Detection: Level '/Game/ThirdPersonBP/Maps/ThirdPersonExampleMap.ThirdPersonExampleMap:PersistentLevel' has LevelScriptBlueprint '/Game/ThirdPersonBP/Maps/ThirdPersonExampleMap.ThirdPersonExampleMap:PersistentLevel.ThirdPersonExampleMap' with GeneratedClass '/Game/ThirdPersonBP/Maps/ThirdPersonExampleMap.ThirdPersonExampleMap_C' with ClassGeneratedBy '/Game/ThirdPersonBP/Maps/ThirdPersonExampleMap.ThirdPersonExampleMap:PersistentLevel.ThirdPersonExampleMap'
[2020.02.19-00.35.33:003][  9]LogPlayLevel: PlayLevel: No blueprints needed recompiling
[2020.02.19-00.35.33:003][  9]PIE: New page: PIE session: ThirdPersonExampleMap (Feb 18, 2020, 8:35:33 AM)
[2020.02.19-00.35.33:004][  9]LogPlayLevel: Creating play world package: /Game/ThirdPersonBP/Maps/UEDPIE_0_ThirdPersonExampleMap
[2020.02.19-00.35.33:035][  9]LogPlayLevel: PIE: StaticDuplicateObject took: (0.031871s)
[2020.02.19-00.35.33:035][  9]LogAIModule: Creating AISystem for world ThirdPersonExampleMap
[2020.02.19-00.35.33:036][  9]LogPlayLevel: PIE: World Init took: (0.000759s)
[2020.02.19-00.35.33:036][  9]LogPlayLevel: PIE: Created PIE world by copying editor world from /Game/ThirdPersonBP/Maps/ThirdPersonExampleMap.ThirdPersonExampleMap to /Game/ThirdPersonBP/Maps/UEDPIE_0_ThirdPersonExampleMap.ThirdPersonExampleMap (0.032867s)
[2020.02.19-00.35.33:066][  9]LogUObjectHash: Compacting FUObjectHashTables data took   1.38ms
[2020.02.19-00.35.33:081][  9]LogInit: XAudio2 using 'Speakers (Realtek High Definition Audio)' : 2 channels at 48 kHz using 32 bits per sample (channel mask 0x3)
[2020.02.19-00.35.33:106][  9]LogInit: FAudioDevice initialized.
[2020.02.19-00.35.33:115][  9]LogSlate: Updating window title bar state: overlay mode, drag disabled, window buttons hidden, title bar hidden
[2020.02.19-00.35.33:148][  9]LogLoad: Game class is 'ThirdPersonGameMode_C'
[2020.02.19-00.35.33:162][  9]LogWorld: Bringing World /Game/ThirdPersonBP/Maps/UEDPIE_0_ThirdPersonExampleMap.ThirdPersonExampleMap up for play (max tick rate 0) at 2020.02.18-16.35.33
[2020.02.19-00.35.33:165][  9]LogWorld: Bringing up level for play took: 0.015618
[2020.02.19-00.35.33:181][  9]PIE: Play in editor start time for /Game/ThirdPersonBP/Maps/UEDPIE_0_ThirdPersonExampleMap 0.264
[2020.02.19-00.35.33:182][  9]LogBlueprintUserMessages: Late PlayInEditor Detection: Level '/Game/ThirdPersonBP/Maps/ThirdPersonExampleMap.ThirdPersonExampleMap:PersistentLevel' has LevelScriptBlueprint '/Game/ThirdPersonBP/Maps/ThirdPersonExampleMap.ThirdPersonExampleMap:PersistentLevel.ThirdPersonExampleMap' with GeneratedClass '/Game/ThirdPersonBP/Maps/ThirdPersonExampleMap.ThirdPersonExampleMap_C' with ClassGeneratedBy '/Game/ThirdPersonBP/Maps/ThirdPersonExampleMap.ThirdPersonExampleMap:PersistentLevel.ThirdPersonExampleMap'
[2020.02.19-00.35.43:770][771]LogBlueprintUserMessages: Early EndPlayMap Detection: Level '/Game/ThirdPersonBP/Maps/ThirdPersonExampleMap.ThirdPersonExampleMap:PersistentLevel' has LevelScriptBlueprint '/Game/ThirdPersonBP/Maps/ThirdPersonExampleMap.ThirdPersonExampleMap:PersistentLevel.ThirdPersonExampleMap' with GeneratedClass '/Game/ThirdPersonBP/Maps/ThirdPersonExampleMap.ThirdPersonExampleMap_C' with ClassGeneratedBy '/Game/ThirdPersonBP/Maps/ThirdPersonExampleMap.ThirdPersonExampleMap:PersistentLevel.ThirdPersonExampleMap'
[2020.02.19-00.35.43:771][771]LogSlate: Updating window title bar state: overlay mode, drag disabled, window buttons hidden, title bar hidden
[2020.02.19-00.35.43:805][771]LogSlate: Window 'CS447_Game Game Preview Standalone (64-bit/PCD3D_SM5)' being destroyed
[2020.02.19-00.35.43:840][771]LogPlayLevel: Display: Shutting down PIE online subsystems
[2020.02.19-00.35.43:841][771]LogBlueprintUserMessages: Late EndPlayMap Detection: Level '/Game/ThirdPersonBP/Maps/ThirdPersonExampleMap.ThirdPersonExampleMap:PersistentLevel' has LevelScriptBlueprint '/Game/ThirdPersonBP/Maps/ThirdPersonExampleMap.ThirdPersonExampleMap:PersistentLevel.ThirdPersonExampleMap' with GeneratedClass '/Game/ThirdPersonBP/Maps/ThirdPersonExampleMap.ThirdPersonExampleMap_C' with ClassGeneratedBy '/Game/ThirdPersonBP/Maps/ThirdPersonExampleMap.ThirdPersonExampleMap:PersistentLevel.ThirdPersonExampleMap'
[2020.02.19-00.35.43:879][771]LogUObjectHash: Compacting FUObjectHashTables data took   1.27ms
[2020.02.19-00.35.43:906][772]LogPlayLevel: Display: Destroying online subsystem :Context_5
[2020.02.19-00.35.47:237][ 19]LogBlueprintUserMessages: Early PlayInEditor Detection: Level '/Game/ThirdPersonBP/Maps/ThirdPersonExampleMap.ThirdPersonExampleMap:PersistentLevel' has LevelScriptBlueprint '/Game/ThirdPersonBP/Maps/ThirdPersonExampleMap.ThirdPersonExampleMap:PersistentLevel.ThirdPersonExampleMap' with GeneratedClass '/Game/ThirdPersonBP/Maps/ThirdPersonExampleMap.ThirdPersonExampleMap_C' with ClassGeneratedBy '/Game/ThirdPersonBP/Maps/ThirdPersonExampleMap.ThirdPersonExampleMap:PersistentLevel.ThirdPersonExampleMap'
[2020.02.19-00.35.47:237][ 19]LogPlayLevel: PlayLevel: No blueprints needed recompiling
[2020.02.19-00.35.47:237][ 19]PIE: New page: PIE session: ThirdPersonExampleMap (Feb 18, 2020, 8:35:47 AM)
[2020.02.19-00.35.47:237][ 19]LogPlayLevel: Creating play world package: /Game/ThirdPersonBP/Maps/UEDPIE_0_ThirdPersonExampleMap
[2020.02.19-00.35.47:271][ 19]LogPlayLevel: PIE: StaticDuplicateObject took: (0.033795s)
[2020.02.19-00.35.47:272][ 19]LogAIModule: Creating AISystem for world ThirdPersonExampleMap
[2020.02.19-00.35.47:272][ 19]LogPlayLevel: PIE: World Init took: (0.000694s)
[2020.02.19-00.35.47:272][ 19]LogPlayLevel: PIE: Created PIE world by copying editor world from /Game/ThirdPersonBP/Maps/ThirdPersonExampleMap.ThirdPersonExampleMap to /Game/ThirdPersonBP/Maps/UEDPIE_0_ThirdPersonExampleMap.ThirdPersonExampleMap (0.034679s)
[2020.02.19-00.35.47:300][ 19]LogUObjectHash: Compacting FUObjectHashTables data took   1.26ms
[2020.02.19-00.35.47:311][ 19]LogInit: XAudio2 using 'Speakers (Realtek High Definition Audio)' : 2 channels at 48 kHz using 32 bits per sample (channel mask 0x3)
[2020.02.19-00.35.47:334][ 19]LogInit: FAudioDevice initialized.
[2020.02.19-00.35.47:343][ 19]LogSlate: Updating window title bar state: overlay mode, drag disabled, window buttons hidden, title bar hidden
[2020.02.19-00.35.47:599][ 19]LogLoad: Game class is 'ThirdPersonGameMode_C'
[2020.02.19-00.35.47:612][ 19]LogWorld: Bringing World /Game/ThirdPersonBP/Maps/UEDPIE_0_ThirdPersonExampleMap.ThirdPersonExampleMap up for play (max tick rate 0) at 2020.02.18-16.35.47
[2020.02.19-00.35.47:614][ 19]LogWorld: Bringing up level for play took: 0.013719
[2020.02.19-00.35.47:630][ 19]PIE: Play in editor start time for /Game/ThirdPersonBP/Maps/UEDPIE_0_ThirdPersonExampleMap 0.711
[2020.02.19-00.35.47:630][ 19]LogBlueprintUserMessages: Late PlayInEditor Detection: Level '/Game/ThirdPersonBP/Maps/ThirdPersonExampleMap.ThirdPersonExampleMap:PersistentLevel' has LevelScriptBlueprint '/Game/ThirdPersonBP/Maps/ThirdPersonExampleMap.ThirdPersonExampleMap:PersistentLevel.ThirdPersonExampleMap' with GeneratedClass '/Game/ThirdPersonBP/Maps/ThirdPersonExampleMap.ThirdPersonExampleMap_C' with ClassGeneratedBy '/Game/ThirdPersonBP/Maps/ThirdPersonExampleMap.ThirdPersonExampleMap:PersistentLevel.ThirdPersonExampleMap'
[2020.02.19-00.35.48:688][ 77]LogRenderer: Reallocating scene render targets to support 1536x800 Format 10 NumSamples 1 (Frame:59).
[2020.02.19-00.36.00:401][665]LogBlueprintUserMessages: [Rock_C_0] SOUND
[2020.02.19-00.36.00:402][665]LogBlueprintUserMessages: [Rock_C_0] SOUND
[2020.02.19-00.36.03:917][841]LogBlueprintUserMessages: [Enemy_3] I see Player
[2020.02.19-00.36.04:149][853]LogBlueprintUserMessages: [Rock_C_0] SOUND
[2020.02.19-00.36.04:157][854]LogBlueprintUserMessages: [Rock_C_0] SOUND
[2020.02.19-00.36.04:159][854]LogBlueprintUserMessages: [Enemy_3] I hear Rock
[2020.02.19-00.36.04:180][855]LogBlueprintUserMessages: [Rock_C_0] SOUND
[2020.02.19-00.36.04:181][855]LogBlueprintUserMessages: [Enemy_3] I hear Rock
[2020.02.19-00.36.04:206][856]LogBlueprintUserMessages: [Enemy_3] I hear Rock
[2020.02.19-00.36.04:206][856]LogBlueprintUserMessages: [Enemy_3] I hear Rock
[2020.02.19-00.36.04:236][857]LogBlueprintUserMessages: [Enemy_3] I hear Rock
[2020.02.19-00.36.04:248][858]LogBlueprintUserMessages: [Enemy_3] I hear Rock
[2020.02.19-00.36.05:823][937]LogBlueprintUserMessages: [Rock_C_0] SOUND
[2020.02.19-00.36.05:834][938]LogBlueprintUserMessages: [Enemy_3] I hear Rock
[2020.02.19-00.36.05:931][943]LogBlueprintUserMessages: [Enemy_3] I hear Rock
[2020.02.19-00.36.06:478][970]LogBlueprintUserMessages: [Rock_C_0] SOUND
[2020.02.19-00.36.06:502][971]LogBlueprintUserMessages: [Enemy_3] I hear Rock
[2020.02.19-00.36.06:602][976]LogBlueprintUserMessages: [Enemy_3] I hear Rock
[2020.02.19-00.36.10:413][165]LogBlueprintUserMessages: [Rock_C_0] SOUND
[2020.02.19-00.36.10:599][175]LogBlueprintUserMessages: [Enemy_1] I see Player
[2020.02.19-00.36.11:465][219]LogBlueprintUserMessages: [Rock_C_0] SOUND
[2020.02.19-00.36.20:324][664]LogBlueprintUserMessages: [Rock_C_0] SOUND
[2020.02.19-00.36.20:345][665]LogBlueprintUserMessages: [Enemy_3] I hear Rock
[2020.02.19-00.36.22:182][758]LogBlueprintUserMessages: [Enemy_1] I hear Rock
[2020.02.19-00.36.22:418][770]LogBlueprintUserMessages: [Enemy_3] I hear Rock
[2020.02.19-00.36.22:537][775]LogBlueprintUserMessages: [Rock_C_0] SOUND
[2020.02.19-00.36.22:548][776]LogBlueprintUserMessages: [Enemy_1] I hear Rock
[2020.02.19-00.36.22:548][776]LogBlueprintUserMessages: [Enemy_3] I hear Rock
[2020.02.19-00.36.22:621][779]LogBlueprintUserMessages: [Rock_C_0] SOUND
[2020.02.19-00.36.22:633][780]LogBlueprintUserMessages: [Enemy_1] I hear Rock
[2020.02.19-00.36.22:633][780]LogBlueprintUserMessages: [Enemy_3] I hear Rock
[2020.02.19-00.36.22:778][787]LogBlueprintUserMessages: [Enemy_1] I hear Rock
[2020.02.19-00.36.22:779][787]LogBlueprintUserMessages: [Enemy_3] I hear Rock
[2020.02.19-00.36.22:779][787]LogBlueprintUserMessages: [Enemy_3] I hear Rock
[2020.02.19-00.36.22:786][788]LogBlueprintUserMessages: [Enemy_1] I hear Rock
[2020.02.19-00.36.22:839][790]LogBlueprintUserMessages: [Rock_C_0] SOUND
[2020.02.19-00.36.22:849][791]LogBlueprintUserMessages: [Rock_C_0] SOUND
[2020.02.19-00.36.22:850][791]LogBlueprintUserMessages: [Enemy_1] I hear Rock
[2020.02.19-00.36.22:851][791]LogBlueprintUserMessages: [Enemy_3] I hear Rock
[2020.02.19-00.36.22:866][792]LogBlueprintUserMessages: [Rock_C_0] SOUND
[2020.02.19-00.36.22:869][792]LogBlueprintUserMessages: [Enemy_1] I hear Rock
[2020.02.19-00.36.22:869][792]LogBlueprintUserMessages: [Enemy_3] I hear Rock
[2020.02.19-00.36.22:895][793]LogBlueprintUserMessages: [Rock_C_0] SOUND
[2020.02.19-00.36.22:901][793]LogBlueprintUserMessages: [Enemy_1] I hear Rock
[2020.02.19-00.36.22:901][793]LogBlueprintUserMessages: [Enemy_3] I hear Rock
[2020.02.19-00.36.22:918][794]LogBlueprintUserMessages: [Enemy_1] I hear Rock
[2020.02.19-00.36.22:919][794]LogBlueprintUserMessages: [Enemy_3] I hear Rock
[2020.02.19-00.36.22:941][795]LogBlueprintUserMessages: [Rock_C_0] SOUND
[2020.02.19-00.36.22:942][795]LogBlueprintUserMessages: [Enemy_3] I hear Rock
[2020.02.19-00.36.22:951][796]LogBlueprintUserMessages: [Enemy_1] I hear Rock
[2020.02.19-00.36.22:951][796]LogBlueprintUserMessages: [Enemy_3] I hear Rock
[2020.02.19-00.36.22:965][797]LogBlueprintUserMessages: [Enemy_3] I hear Rock
[2020.02.19-00.36.22:979][798]LogBlueprintUserMessages: [Enemy_3] I hear Rock
[2020.02.19-00.36.23:014][799]LogBlueprintUserMessages: [Enemy_1] I hear Rock
[2020.02.19-00.36.23:015][799]LogBlueprintUserMessages: [Enemy_1] I hear Rock
[2020.02.19-00.36.23:015][799]LogBlueprintUserMessages: [Enemy_3] I hear Rock
[2020.02.19-00.36.23:041][800]LogBlueprintUserMessages: [Enemy_1] I hear Rock
[2020.02.19-00.36.23:042][800]LogBlueprintUserMessages: [Enemy_1] I hear Rock
[2020.02.19-00.36.23:084][803]LogBlueprintUserMessages: [Enemy_1] I hear Rock
[2020.02.19-00.36.23:085][803]LogBlueprintUserMessages: [Enemy_3] I hear Rock
[2020.02.19-00.36.27:369][ 16]LogBlueprintUserMessages: [Enemy_1] I see Player
[2020.02.19-00.36.29:848][141]LogBlueprintUserMessages: [Enemy_3] I see Player
[2020.02.19-00.36.32:677][283]LogBlueprintUserMessages: [Rock_C_1] SOUND
[2020.02.19-00.36.32:678][283]LogBlueprintUserMessages: [Rock_C_1] SOUND
[2020.02.19-00.36.32:716][284]LogBlueprintUserMessages: [Enemy_1] I hear Rock
[2020.02.19-00.36.32:716][284]LogBlueprintUserMessages: [Enemy_1] I hear Rock
[2020.02.19-00.36.32:716][284]LogBlueprintUserMessages: [Enemy_1] I hear Rock
[2020.02.19-00.36.32:716][284]LogBlueprintUserMessages: [Enemy_1] I hear Rock
[2020.02.19-00.36.33:492][323]LogBlueprintUserMessages: [Enemy_3] I hear Rock
[2020.02.19-00.36.33:492][323]LogBlueprintUserMessages: [Enemy_3] I hear Rock
[2020.02.19-00.36.34:987][399]LogBlueprintUserMessages: [Rock_C_1] SOUND
[2020.02.19-00.36.35:038][401]LogBlueprintUserMessages: [Rock_C_1] SOUND
[2020.02.19-00.36.39:010][602]LogBlueprintUserMessages: Early EndPlayMap Detection: Level '/Game/ThirdPersonBP/Maps/ThirdPersonExampleMap.ThirdPersonExampleMap:PersistentLevel' has LevelScriptBlueprint '/Game/ThirdPersonBP/Maps/ThirdPersonExampleMap.ThirdPersonExampleMap:PersistentLevel.ThirdPersonExampleMap' with GeneratedClass '/Game/ThirdPersonBP/Maps/ThirdPersonExampleMap.ThirdPersonExampleMap_C' with ClassGeneratedBy '/Game/ThirdPersonBP/Maps/ThirdPersonExampleMap.ThirdPersonExampleMap:PersistentLevel.ThirdPersonExampleMap'
[2020.02.19-00.36.39:011][602]LogSlate: Updating window title bar state: overlay mode, drag disabled, window buttons hidden, title bar hidden
[2020.02.19-00.36.39:052][602]LogSlate: Window 'CS447_Game Game Preview Standalone (64-bit/PCD3D_SM5)' being destroyed
[2020.02.19-00.36.39:095][602]LogPlayLevel: Display: Shutting down PIE online subsystems
[2020.02.19-00.36.39:095][602]LogBlueprintUserMessages: Late EndPlayMap Detection: Level '/Game/ThirdPersonBP/Maps/ThirdPersonExampleMap.ThirdPersonExampleMap:PersistentLevel' has LevelScriptBlueprint '/Game/ThirdPersonBP/Maps/ThirdPersonExampleMap.ThirdPersonExampleMap:PersistentLevel.ThirdPersonExampleMap' with GeneratedClass '/Game/ThirdPersonBP/Maps/ThirdPersonExampleMap.ThirdPersonExampleMap_C' with ClassGeneratedBy '/Game/ThirdPersonBP/Maps/ThirdPersonExampleMap.ThirdPersonExampleMap:PersistentLevel.ThirdPersonExampleMap'
[2020.02.19-00.36.39:147][602]LogUObjectHash: Compacting FUObjectHashTables data took   4.28ms
[2020.02.19-00.36.39:186][603]LogPlayLevel: Display: Destroying online subsystem :Context_6
